
Dataset: PROTEINS(1113):
====================
Number of graphs: 1113
Number of features: 3
Number of classes: 2
The task number 0
#########################################################################
Epoch: 4999, Train Acc: 1.0000, Test Acc: 1.0000
Mem Train Acc: 1.0000, Mem Test Acc: 1.0000
#########################################################################
The task number 1
#########################################################################
Epoch: 4999, Train Acc: 0.9083, Test Acc: 0.8111
Mem Train Acc: 0.6517, Mem Test Acc: 0.6368
#########################################################################
(198,) (198,)

Dataset: PROTEINS(1113):
====================
Number of graphs: 1113
Number of features: 3
Number of classes: 2
The task number 0
#########################################################################
Epoch: 4999, Train Acc: 1.0000, Test Acc: 1.0000
Mem Train Acc: 1.0000, Mem Test Acc: 1.0000
#########################################################################
The task number 1
#########################################################################
Epoch: 4999, Train Acc: 0.8250, Test Acc: 0.7444
Mem Train Acc: 0.7236, Mem Test Acc: 0.6637
#########################################################################
(198,) (198,)

Dataset: PROTEINS(1113):
====================
Number of graphs: 1113
Number of features: 3
Number of classes: 2
The task number 0
#########################################################################
Epoch: 4999, Train Acc: 1.0000, Test Acc: 1.0000
Mem Train Acc: 1.0000, Mem Test Acc: 1.0000
#########################################################################
The task number 1
#########################################################################
Epoch: 4999, Train Acc: 0.9111, Test Acc: 0.8667
Mem Train Acc: 0.6607, Mem Test Acc: 0.5874
#########################################################################
(198,) (198,)

Dataset: PROTEINS(1113):
====================
Number of graphs: 1113
Number of features: 3
Number of classes: 2
The task number 0
#########################################################################
Epoch: 4999, Train Acc: 1.0000, Test Acc: 1.0000
Mem Train Acc: 1.0000, Mem Test Acc: 1.0000
#########################################################################
The task number 1
#########################################################################
Epoch: 4999, Train Acc: 0.9194, Test Acc: 0.8444
Mem Train Acc: 0.6753, Mem Test Acc: 0.6278
#########################################################################
(198,) (198,)

Dataset: PROTEINS(1113):
====================
Number of graphs: 1113
Number of features: 3
Number of classes: 2
The task number 0
#########################################################################
Epoch: 4999, Train Acc: 1.0000, Test Acc: 1.0000
Mem Train Acc: 1.0000, Mem Test Acc: 1.0000
#########################################################################
The task number 1
#########################################################################
Epoch: 4999, Train Acc: 0.9417, Test Acc: 0.8444
Mem Train Acc: 0.6135, Mem Test Acc: 0.5650
#########################################################################
(198,) (198,)

Dataset: PROTEINS(1113):
====================
Number of graphs: 1113
Number of features: 3
Number of classes: 2
The task number 0
#########################################################################
Epoch: 4999, Train Acc: 1.0000, Test Acc: 1.0000
Mem Train Acc: 1.0000, Mem Test Acc: 1.0000
#########################################################################
The task number 1
#########################################################################
Epoch: 4999, Train Acc: 0.9389, Test Acc: 0.8556
Mem Train Acc: 0.6124, Mem Test Acc: 0.5561
#########################################################################
(198,) (198,)

Dataset: PROTEINS(1113):
====================
Number of graphs: 1113
Number of features: 3
Number of classes: 2
The task number 0
#########################################################################
Epoch: 4999, Train Acc: 1.0000, Test Acc: 1.0000
Mem Train Acc: 1.0000, Mem Test Acc: 1.0000
#########################################################################
The task number 1
#########################################################################
Epoch: 4999, Train Acc: 0.9000, Test Acc: 0.7889
Mem Train Acc: 0.6461, Mem Test Acc: 0.5740
#########################################################################
(198,) (198,)

Dataset: PROTEINS(1113):
====================
Number of graphs: 1113
Number of features: 3
Number of classes: 2
The task number 0
#########################################################################
Epoch: 4999, Train Acc: 1.0000, Test Acc: 1.0000
Mem Train Acc: 1.0000, Mem Test Acc: 1.0000
#########################################################################
The task number 1
#########################################################################
Epoch: 4999, Train Acc: 0.9028, Test Acc: 0.8000
Mem Train Acc: 0.6798, Mem Test Acc: 0.6188
#########################################################################
(198,) (198,)

Dataset: PROTEINS(1113):
====================
Number of graphs: 1113
Number of features: 3
Number of classes: 2
The task number 0
#########################################################################
Epoch: 4999, Train Acc: 1.0000, Test Acc: 1.0000
Mem Train Acc: 1.0000, Mem Test Acc: 1.0000
#########################################################################
The task number 1
#########################################################################
Epoch: 4999, Train Acc: 0.9556, Test Acc: 0.7556
Mem Train Acc: 0.6494, Mem Test Acc: 0.5426
#########################################################################
(198,) (198,)

Dataset: PROTEINS(1113):
====================
Number of graphs: 1113
Number of features: 3
Number of classes: 2
The task number 0
#########################################################################
Epoch: 4999, Train Acc: 1.0000, Test Acc: 1.0000
Mem Train Acc: 1.0000, Mem Test Acc: 1.0000
#########################################################################
The task number 1
#########################################################################
Epoch: 4999, Train Acc: 0.9222, Test Acc: 0.8889
Mem Train Acc: 0.6416, Mem Test Acc: 0.6368
#########################################################################
(198,) (198,)

Dataset: PROTEINS(1113):
====================
Number of graphs: 1113
Number of features: 3
Number of classes: 2
The task number 0
#########################################################################
Epoch: 4999, Train Acc: 1.0000, Test Acc: 1.0000
Mem Train Acc: 1.0000, Mem Test Acc: 1.0000
#########################################################################
The task number 1
#########################################################################
Epoch: 4999, Train Acc: 0.8528, Test Acc: 0.7444
Mem Train Acc: 0.6921, Mem Test Acc: 0.6278
#########################################################################
(198,) (198,)

Dataset: PROTEINS(1113):
====================
Number of graphs: 1113
Number of features: 3
Number of classes: 2
The task number 0
#########################################################################
Epoch: 4999, Train Acc: 1.0000, Test Acc: 1.0000
Mem Train Acc: 1.0000, Mem Test Acc: 1.0000
#########################################################################
The task number 1
#########################################################################
Epoch: 4999, Train Acc: 0.8611, Test Acc: 0.7889
Mem Train Acc: 0.7124, Mem Test Acc: 0.6278
#########################################################################
(198,) (198,)

Dataset: PROTEINS(1113):
====================
Number of graphs: 1113
Number of features: 3
Number of classes: 2
The task number 0
#########################################################################
Epoch: 4999, Train Acc: 1.0000, Test Acc: 1.0000
Mem Train Acc: 1.0000, Mem Test Acc: 1.0000
#########################################################################
The task number 1
#########################################################################
Epoch: 4999, Train Acc: 0.8778, Test Acc: 0.8111
Mem Train Acc: 0.6674, Mem Test Acc: 0.6457
#########################################################################
(198,) (198,)

Dataset: PROTEINS(1113):
====================
Number of graphs: 1113
Number of features: 3
Number of classes: 2
The task number 0
#########################################################################
Epoch: 4999, Train Acc: 1.0000, Test Acc: 1.0000
Mem Train Acc: 1.0000, Mem Test Acc: 1.0000
#########################################################################
The task number 1
#########################################################################
Epoch: 4999, Train Acc: 0.9306, Test Acc: 0.8333
Mem Train Acc: 0.6360, Mem Test Acc: 0.5830
#########################################################################
(198,) (198,)

Dataset: PROTEINS(1113):
====================
Number of graphs: 1113
Number of features: 3
Number of classes: 2
The task number 0
#########################################################################
Epoch: 4999, Train Acc: 1.0000, Test Acc: 1.0000
Mem Train Acc: 1.0000, Mem Test Acc: 1.0000
#########################################################################
The task number 1
#########################################################################
Epoch: 4999, Train Acc: 0.8917, Test Acc: 0.7222
Mem Train Acc: 0.7472, Mem Test Acc: 0.6054
#########################################################################
(198,) (198,)

Dataset: PROTEINS(1113):
====================
Number of graphs: 1113
Number of features: 3
Number of classes: 2
The task number 0
#########################################################################
Epoch: 4999, Train Acc: 1.0000, Test Acc: 1.0000
Mem Train Acc: 1.0000, Mem Test Acc: 1.0000
#########################################################################
The task number 1
#########################################################################
Epoch: 4999, Train Acc: 0.8583, Test Acc: 0.8444
Mem Train Acc: 0.6955, Mem Test Acc: 0.6233
#########################################################################
(198,) (198,)

Dataset: PROTEINS(1113):
====================
Number of graphs: 1113
Number of features: 3
Number of classes: 2
The task number 0
#########################################################################
Epoch: 4999, Train Acc: 1.0000, Test Acc: 1.0000
Mem Train Acc: 1.0000, Mem Test Acc: 1.0000
#########################################################################
The task number 1
#########################################################################
Epoch: 4999, Train Acc: 0.8444, Test Acc: 0.7667
Mem Train Acc: 0.6899, Mem Test Acc: 0.6188
#########################################################################
(198,) (198,)

Dataset: PROTEINS(1113):
====================
Number of graphs: 1113
Number of features: 3
Number of classes: 2
The task number 0
#########################################################################
Epoch: 4999, Train Acc: 1.0000, Test Acc: 1.0000
Mem Train Acc: 1.0000, Mem Test Acc: 1.0000
#########################################################################
The task number 1
#########################################################################
Epoch: 4999, Train Acc: 0.9278, Test Acc: 0.8000
Mem Train Acc: 0.6506, Mem Test Acc: 0.6054
#########################################################################
(198,) (198,)

Dataset: PROTEINS(1113):
====================
Number of graphs: 1113
Number of features: 3
Number of classes: 2
The task number 0
#########################################################################
Epoch: 4999, Train Acc: 1.0000, Test Acc: 1.0000
Mem Train Acc: 1.0000, Mem Test Acc: 1.0000
#########################################################################
The task number 1
#########################################################################
Epoch: 4999, Train Acc: 0.9139, Test Acc: 0.8444
Mem Train Acc: 0.6382, Mem Test Acc: 0.5830
#########################################################################
(198,) (198,)

Dataset: PROTEINS(1113):
====================
Number of graphs: 1113
Number of features: 3
Number of classes: 2
The task number 0
#########################################################################
Epoch: 4999, Train Acc: 1.0000, Test Acc: 1.0000
Mem Train Acc: 1.0000, Mem Test Acc: 1.0000
#########################################################################
The task number 1
#########################################################################
Epoch: 4999, Train Acc: 0.8528, Test Acc: 0.7222
Mem Train Acc: 0.7438, Mem Test Acc: 0.6771
#########################################################################
(198,) (198,)

Dataset: PROTEINS(1113):
====================
Number of graphs: 1113
Number of features: 3
Number of classes: 2
The task number 0
#########################################################################
Epoch: 4999, Train Acc: 1.0000, Test Acc: 1.0000
Mem Train Acc: 1.0000, Mem Test Acc: 1.0000
#########################################################################
The task number 1
#########################################################################
Epoch: 4999, Train Acc: 0.9111, Test Acc: 0.7444
Mem Train Acc: 0.7112, Mem Test Acc: 0.5919
#########################################################################
(198,) (198,)

Dataset: PROTEINS(1113):
====================
Number of graphs: 1113
Number of features: 3
Number of classes: 2
The task number 0
#########################################################################
Epoch: 4999, Train Acc: 1.0000, Test Acc: 1.0000
Mem Train Acc: 1.0000, Mem Test Acc: 1.0000
#########################################################################
The task number 1
#########################################################################
Epoch: 4999, Train Acc: 0.8444, Test Acc: 0.7556
Mem Train Acc: 0.7528, Mem Test Acc: 0.6368
#########################################################################
(198,) (198,)

Dataset: PROTEINS(1113):
====================
Number of graphs: 1113
Number of features: 3
Number of classes: 2
The task number 0
#########################################################################
Epoch: 4999, Train Acc: 1.0000, Test Acc: 1.0000
Mem Train Acc: 1.0000, Mem Test Acc: 1.0000
#########################################################################
The task number 1
#########################################################################
Epoch: 4999, Train Acc: 0.8806, Test Acc: 0.7778
Mem Train Acc: 0.7011, Mem Test Acc: 0.6323
#########################################################################
(198,) (198,)

Dataset: PROTEINS(1113):
====================
Number of graphs: 1113
Number of features: 3
Number of classes: 2
The task number 0
#########################################################################
Epoch: 4999, Train Acc: 1.0000, Test Acc: 1.0000
Mem Train Acc: 1.0000, Mem Test Acc: 1.0000
#########################################################################
The task number 1
#########################################################################
Epoch: 4999, Train Acc: 0.9333, Test Acc: 0.7667
Mem Train Acc: 0.6281, Mem Test Acc: 0.5561
#########################################################################
(198,) (198,)

Dataset: PROTEINS(1113):
====================
Number of graphs: 1113
Number of features: 3
Number of classes: 2
The task number 0
#########################################################################
Epoch: 4999, Train Acc: 1.0000, Test Acc: 1.0000
Mem Train Acc: 1.0000, Mem Test Acc: 1.0000
#########################################################################
The task number 1
#########################################################################
Epoch: 4999, Train Acc: 0.9333, Test Acc: 0.7889
Mem Train Acc: 0.6404, Mem Test Acc: 0.5695
#########################################################################
(198,) (198,)

Dataset: PROTEINS(1113):
====================
Number of graphs: 1113
Number of features: 3
Number of classes: 2
The task number 0
#########################################################################
Epoch: 4999, Train Acc: 1.0000, Test Acc: 1.0000
Mem Train Acc: 1.0000, Mem Test Acc: 1.0000
#########################################################################
The task number 1
#########################################################################
Epoch: 4999, Train Acc: 0.9139, Test Acc: 0.7667
Mem Train Acc: 0.7000, Mem Test Acc: 0.5874
#########################################################################
(198,) (198,)

Dataset: PROTEINS(1113):
====================
Number of graphs: 1113
Number of features: 3
Number of classes: 2
The task number 0
#########################################################################
Epoch: 4999, Train Acc: 1.0000, Test Acc: 1.0000
Mem Train Acc: 1.0000, Mem Test Acc: 1.0000
#########################################################################
The task number 1
#########################################################################
Epoch: 4999, Train Acc: 0.8889, Test Acc: 0.8111
Mem Train Acc: 0.6652, Mem Test Acc: 0.5874
#########################################################################
(198,) (198,)

Dataset: PROTEINS(1113):
====================
Number of graphs: 1113
Number of features: 3
Number of classes: 2
The task number 0
#########################################################################
Epoch: 4999, Train Acc: 1.0000, Test Acc: 1.0000
Mem Train Acc: 1.0000, Mem Test Acc: 1.0000
#########################################################################
The task number 1
#########################################################################
Epoch: 4999, Train Acc: 0.9250, Test Acc: 0.7889
Mem Train Acc: 0.6955, Mem Test Acc: 0.6457
#########################################################################
(198,) (198,)

Dataset: PROTEINS(1113):
====================
Number of graphs: 1113
Number of features: 3
Number of classes: 2
The task number 0
#########################################################################
Epoch: 4999, Train Acc: 1.0000, Test Acc: 1.0000
Mem Train Acc: 1.0000, Mem Test Acc: 1.0000
#########################################################################
The task number 1
#########################################################################
Epoch: 4999, Train Acc: 0.8639, Test Acc: 0.7000
Mem Train Acc: 0.7236, Mem Test Acc: 0.6143
#########################################################################
(198,) (198,)

Dataset: PROTEINS(1113):
====================
Number of graphs: 1113
Number of features: 3
Number of classes: 2
The task number 0
#########################################################################
Epoch: 4999, Train Acc: 1.0000, Test Acc: 1.0000
Mem Train Acc: 1.0000, Mem Test Acc: 1.0000
#########################################################################
The task number 1
#########################################################################
Epoch: 4999, Train Acc: 0.8444, Test Acc: 0.7444
Mem Train Acc: 0.7045, Mem Test Acc: 0.6413
#########################################################################
(198,) (198,)

Dataset: PROTEINS(1113):
====================
Number of graphs: 1113
Number of features: 3
Number of classes: 2
The task number 0
#########################################################################
Epoch: 4999, Train Acc: 1.0000, Test Acc: 1.0000
Mem Train Acc: 1.0000, Mem Test Acc: 1.0000
#########################################################################
The task number 1
#########################################################################
Epoch: 4999, Train Acc: 0.9139, Test Acc: 0.8111
Mem Train Acc: 0.6843, Mem Test Acc: 0.5785
#########################################################################
(198,) (198,)

Dataset: PROTEINS(1113):
====================
Number of graphs: 1113
Number of features: 3
Number of classes: 2
The task number 0
#########################################################################
Epoch: 4999, Train Acc: 1.0000, Test Acc: 1.0000
Mem Train Acc: 1.0000, Mem Test Acc: 1.0000
#########################################################################
The task number 1
#########################################################################
Epoch: 4999, Train Acc: 0.9278, Test Acc: 0.8556
Mem Train Acc: 0.6315, Mem Test Acc: 0.6143
#########################################################################
(198,) (198,)

Dataset: PROTEINS(1113):
====================
Number of graphs: 1113
Number of features: 3
Number of classes: 2
The task number 0
#########################################################################
Epoch: 4999, Train Acc: 1.0000, Test Acc: 1.0000
Mem Train Acc: 1.0000, Mem Test Acc: 1.0000
#########################################################################
The task number 1
#########################################################################
Epoch: 4999, Train Acc: 0.9472, Test Acc: 0.8556
Mem Train Acc: 0.6191, Mem Test Acc: 0.5695
#########################################################################
(198,) (198,)

Dataset: PROTEINS(1113):
====================
Number of graphs: 1113
Number of features: 3
Number of classes: 2
The task number 0
#########################################################################
Epoch: 4999, Train Acc: 1.0000, Test Acc: 1.0000
Mem Train Acc: 1.0000, Mem Test Acc: 1.0000
#########################################################################
The task number 1
#########################################################################
Epoch: 4999, Train Acc: 0.9222, Test Acc: 0.8556
Mem Train Acc: 0.6573, Mem Test Acc: 0.6054
#########################################################################
(198,) (198,)

Dataset: PROTEINS(1113):
====================
Number of graphs: 1113
Number of features: 3
Number of classes: 2
The task number 0
#########################################################################
Epoch: 4999, Train Acc: 1.0000, Test Acc: 1.0000
Mem Train Acc: 1.0000, Mem Test Acc: 1.0000
#########################################################################
The task number 1
#########################################################################
Epoch: 4999, Train Acc: 0.8750, Test Acc: 0.9000
Mem Train Acc: 0.6506, Mem Test Acc: 0.6592
#########################################################################
(198,) (198,)

Dataset: PROTEINS(1113):
====================
Number of graphs: 1113
Number of features: 3
Number of classes: 2
The task number 0
#########################################################################
Epoch: 4999, Train Acc: 1.0000, Test Acc: 1.0000
Mem Train Acc: 1.0000, Mem Test Acc: 1.0000
#########################################################################
The task number 1
#########################################################################
Epoch: 4999, Train Acc: 0.9167, Test Acc: 0.8667
Mem Train Acc: 0.6517, Mem Test Acc: 0.6188
#########################################################################
(198,) (198,)

Dataset: PROTEINS(1113):
====================
Number of graphs: 1113
Number of features: 3
Number of classes: 2
The task number 0
#########################################################################
Epoch: 4999, Train Acc: 1.0000, Test Acc: 1.0000
Mem Train Acc: 1.0000, Mem Test Acc: 1.0000
#########################################################################
The task number 1
#########################################################################
Epoch: 4999, Train Acc: 0.8917, Test Acc: 0.8333
Mem Train Acc: 0.6629, Mem Test Acc: 0.6099
#########################################################################
(198,) (198,)

Dataset: PROTEINS(1113):
====================
Number of graphs: 1113
Number of features: 3
Number of classes: 2
The task number 0
#########################################################################
Epoch: 4999, Train Acc: 1.0000, Test Acc: 1.0000
Mem Train Acc: 1.0000, Mem Test Acc: 1.0000
#########################################################################
The task number 1
#########################################################################
Epoch: 4999, Train Acc: 0.8583, Test Acc: 0.7444
Mem Train Acc: 0.7449, Mem Test Acc: 0.6771
#########################################################################
(198,) (198,)

Dataset: PROTEINS(1113):
====================
Number of graphs: 1113
Number of features: 3
Number of classes: 2
The task number 0
#########################################################################
Epoch: 4999, Train Acc: 1.0000, Test Acc: 1.0000
Mem Train Acc: 1.0000, Mem Test Acc: 1.0000
#########################################################################
The task number 1
#########################################################################
Epoch: 4999, Train Acc: 0.9333, Test Acc: 0.8444
Mem Train Acc: 0.6506, Mem Test Acc: 0.5874
#########################################################################
(198,) (198,)

Dataset: PROTEINS(1113):
====================
Number of graphs: 1113
Number of features: 3
Number of classes: 2
The task number 0
#########################################################################
Epoch: 4999, Train Acc: 1.0000, Test Acc: 1.0000
Mem Train Acc: 1.0000, Mem Test Acc: 1.0000
#########################################################################
The task number 1
#########################################################################
Epoch: 4999, Train Acc: 0.8972, Test Acc: 0.7889
Mem Train Acc: 0.6393, Mem Test Acc: 0.6009
#########################################################################
(198,) (198,)

Dataset: PROTEINS(1113):
====================
Number of graphs: 1113
Number of features: 3
Number of classes: 2
The task number 0
#########################################################################
Epoch: 4999, Train Acc: 1.0000, Test Acc: 1.0000
Mem Train Acc: 1.0000, Mem Test Acc: 1.0000
#########################################################################
The task number 1
#########################################################################
Epoch: 4999, Train Acc: 0.9556, Test Acc: 0.7778
Mem Train Acc: 0.5989, Mem Test Acc: 0.5426
#########################################################################
(198,) (198,)

Dataset: PROTEINS(1113):
====================
Number of graphs: 1113
Number of features: 3
Number of classes: 2
The task number 0
#########################################################################
Epoch: 4999, Train Acc: 1.0000, Test Acc: 1.0000
Mem Train Acc: 1.0000, Mem Test Acc: 1.0000
#########################################################################
The task number 1
#########################################################################
Epoch: 4999, Train Acc: 0.9722, Test Acc: 0.8556
Mem Train Acc: 0.5888, Mem Test Acc: 0.5336
#########################################################################
(198,) (198,)

Dataset: PROTEINS(1113):
====================
Number of graphs: 1113
Number of features: 3
Number of classes: 2
The task number 0
#########################################################################
Epoch: 4999, Train Acc: 1.0000, Test Acc: 1.0000
Mem Train Acc: 1.0000, Mem Test Acc: 1.0000
#########################################################################
The task number 1
#########################################################################
Epoch: 4999, Train Acc: 0.9083, Test Acc: 0.7222
Mem Train Acc: 0.6921, Mem Test Acc: 0.5785
#########################################################################
(198,) (198,)

Dataset: PROTEINS(1113):
====================
Number of graphs: 1113
Number of features: 3
Number of classes: 2
The task number 0
#########################################################################
Epoch: 4999, Train Acc: 1.0000, Test Acc: 1.0000
Mem Train Acc: 1.0000, Mem Test Acc: 1.0000
#########################################################################
The task number 1
#########################################################################
Epoch: 4999, Train Acc: 0.9583, Test Acc: 0.7889
Mem Train Acc: 0.6989, Mem Test Acc: 0.5561
#########################################################################
(198,) (198,)

Dataset: PROTEINS(1113):
====================
Number of graphs: 1113
Number of features: 3
Number of classes: 2
The task number 0
#########################################################################
Epoch: 4999, Train Acc: 1.0000, Test Acc: 1.0000
Mem Train Acc: 1.0000, Mem Test Acc: 1.0000
#########################################################################
The task number 1
#########################################################################
Epoch: 4999, Train Acc: 0.9389, Test Acc: 0.8889
Mem Train Acc: 0.5775, Mem Test Acc: 0.5471
#########################################################################
(198,) (198,)

Dataset: PROTEINS(1113):
====================
Number of graphs: 1113
Number of features: 3
Number of classes: 2
The task number 0
#########################################################################
Epoch: 4999, Train Acc: 1.0000, Test Acc: 1.0000
Mem Train Acc: 1.0000, Mem Test Acc: 1.0000
#########################################################################
The task number 1
#########################################################################
Epoch: 4999, Train Acc: 0.9167, Test Acc: 0.7889
Mem Train Acc: 0.6607, Mem Test Acc: 0.6099
#########################################################################
(198,) (198,)

Dataset: PROTEINS(1113):
====================
Number of graphs: 1113
Number of features: 3
Number of classes: 2
The task number 0
#########################################################################
Epoch: 4999, Train Acc: 1.0000, Test Acc: 1.0000
Mem Train Acc: 1.0000, Mem Test Acc: 1.0000
#########################################################################
The task number 1
#########################################################################
Epoch: 4999, Train Acc: 0.8944, Test Acc: 0.8556
Mem Train Acc: 0.5899, Mem Test Acc: 0.5605
#########################################################################
(198,) (198,)

Dataset: PROTEINS(1113):
====================
Number of graphs: 1113
Number of features: 3
Number of classes: 2
The task number 0
#########################################################################
Epoch: 4999, Train Acc: 1.0000, Test Acc: 1.0000
Mem Train Acc: 1.0000, Mem Test Acc: 1.0000
#########################################################################
The task number 1
#########################################################################
Epoch: 4999, Train Acc: 0.8917, Test Acc: 0.8111
Mem Train Acc: 0.6753, Mem Test Acc: 0.5874
#########################################################################
(198,) (198,)

Dataset: PROTEINS(1113):
====================
Number of graphs: 1113
Number of features: 3
Number of classes: 2
The task number 0
#########################################################################
Epoch: 4999, Train Acc: 1.0000, Test Acc: 1.0000
Mem Train Acc: 1.0000, Mem Test Acc: 1.0000
#########################################################################
The task number 1
#########################################################################
Epoch: 4999, Train Acc: 0.9333, Test Acc: 0.9000
Mem Train Acc: 0.6011, Mem Test Acc: 0.6188
#########################################################################
(198,) (198,)

Dataset: PROTEINS(1113):
====================
Number of graphs: 1113
Number of features: 3
Number of classes: 2
The task number 0
#########################################################################
Epoch: 4999, Train Acc: 1.0000, Test Acc: 1.0000
Mem Train Acc: 1.0000, Mem Test Acc: 1.0000
#########################################################################
The task number 1
#########################################################################
Epoch: 4999, Train Acc: 0.9417, Test Acc: 0.8111
Mem Train Acc: 0.5944, Mem Test Acc: 0.5202
#########################################################################
(198,) (198,)
(198,) (198,)
