Data(x=[2995, 2879], edge_index=[2, 16316], y=[2995])
from the load dataset tensor([[0., 0., 0.,  ..., 0., 0., 0.],
        [0., 0., 0.,  ..., 0., 0., 0.],
        [0., 0., 0.,  ..., 0., 0., 0.],
        ...,
        [0., 0., 0.,  ..., 0., 0., 0.],
        [0., 0., 0.,  ..., 0., 0., 0.],
        [0., 0., 0.,  ..., 0., 0., 0.]])
Dataset: Cora_mlFull():
======================
Number of graphs: 1
Number of features: 2879
Number of classes: 7
Data(x=[2995, 2879], edge_index=[2, 16316], y=[2995])
selected 7 ids from 7
(100, 3) (100, 3) (100, 3) (100, 3)
Task: 000, Epoch: 5000, Test Acc: 0.923,  Mem Test Acc: 0.923, Test F1: 0.923, Mem Test F1: 0.923
Task: 001, Epoch: 10000, Test Acc: 0.869,  Mem Test Acc: 0.837, Test F1: 0.869, Mem Test F1: 0.837
Task: 002, Epoch: 15000, Test Acc: 0.900,  Mem Test Acc: 0.776, Test F1: 0.900, Mem Test F1: 0.776
##########################################
PM: 0.900, FM: 0.147, AP: 0.776, AF: 0.061
##########################################
(3,) (3,) (3,) (3,)
Task: 000, Epoch: 5000, Test Acc: 0.927,  Mem Test Acc: 0.927, Test F1: 0.927, Mem Test F1: 0.927
Task: 001, Epoch: 10000, Test Acc: 0.827,  Mem Test Acc: 0.810, Test F1: 0.827, Mem Test F1: 0.810
Task: 002, Epoch: 15000, Test Acc: 0.934,  Mem Test Acc: 0.812, Test F1: 0.934, Mem Test F1: 0.812
##########################################
PM: 0.934, FM: 0.115, AP: 0.812, AF: 0.001
##########################################
(3,) (3,) (3,) (3,)
Task: 000, Epoch: 5000, Test Acc: 0.921,  Mem Test Acc: 0.921, Test F1: 0.921, Mem Test F1: 0.921
Task: 001, Epoch: 10000, Test Acc: 0.855,  Mem Test Acc: 0.807, Test F1: 0.855, Mem Test F1: 0.807
Task: 002, Epoch: 15000, Test Acc: 0.928,  Mem Test Acc: 0.775, Test F1: 0.928, Mem Test F1: 0.775
##########################################
PM: 0.928, FM: 0.146, AP: 0.775, AF: 0.032
##########################################
(3,) (3,) (3,) (3,)
Task: 000, Epoch: 5000, Test Acc: 0.923,  Mem Test Acc: 0.923, Test F1: 0.923, Mem Test F1: 0.923
Task: 001, Epoch: 10000, Test Acc: 0.870,  Mem Test Acc: 0.815, Test F1: 0.870, Mem Test F1: 0.815
Task: 002, Epoch: 15000, Test Acc: 0.900,  Mem Test Acc: 0.777, Test F1: 0.900, Mem Test F1: 0.777
##########################################
PM: 0.900, FM: 0.147, AP: 0.777, AF: 0.038
##########################################
(3,) (3,) (3,) (3,)
Task: 000, Epoch: 5000, Test Acc: 0.922,  Mem Test Acc: 0.922, Test F1: 0.922, Mem Test F1: 0.922
Task: 001, Epoch: 10000, Test Acc: 0.827,  Mem Test Acc: 0.812, Test F1: 0.827, Mem Test F1: 0.812
Task: 002, Epoch: 15000, Test Acc: 0.887,  Mem Test Acc: 0.804, Test F1: 0.887, Mem Test F1: 0.804
##########################################
PM: 0.887, FM: 0.117, AP: 0.804, AF: 0.008
##########################################
(3,) (3,) (3,) (3,)
Task: 000, Epoch: 5000, Test Acc: 0.923,  Mem Test Acc: 0.923, Test F1: 0.923, Mem Test F1: 0.923
Task: 001, Epoch: 10000, Test Acc: 0.881,  Mem Test Acc: 0.841, Test F1: 0.881, Mem Test F1: 0.841
Task: 002, Epoch: 15000, Test Acc: 0.956,  Mem Test Acc: 0.814, Test F1: 0.956, Mem Test F1: 0.814
##########################################
PM: 0.956, FM: 0.109, AP: 0.814, AF: 0.027
##########################################
(3,) (3,) (3,) (3,)
Task: 000, Epoch: 5000, Test Acc: 0.929,  Mem Test Acc: 0.929, Test F1: 0.929, Mem Test F1: 0.929
Task: 001, Epoch: 10000, Test Acc: 0.840,  Mem Test Acc: 0.811, Test F1: 0.840, Mem Test F1: 0.811
Task: 002, Epoch: 15000, Test Acc: 0.900,  Mem Test Acc: 0.770, Test F1: 0.900, Mem Test F1: 0.770
##########################################
PM: 0.900, FM: 0.159, AP: 0.770, AF: 0.041
##########################################
(3,) (3,) (3,) (3,)
Task: 000, Epoch: 5000, Test Acc: 0.920,  Mem Test Acc: 0.920, Test F1: 0.920, Mem Test F1: 0.920
Task: 001, Epoch: 10000, Test Acc: 0.843,  Mem Test Acc: 0.819, Test F1: 0.843, Mem Test F1: 0.819
Task: 002, Epoch: 15000, Test Acc: 0.946,  Mem Test Acc: 0.770, Test F1: 0.946, Mem Test F1: 0.770
##########################################
PM: 0.946, FM: 0.149, AP: 0.770, AF: 0.048
##########################################
(3,) (3,) (3,) (3,)
Task: 000, Epoch: 5000, Test Acc: 0.926,  Mem Test Acc: 0.926, Test F1: 0.926, Mem Test F1: 0.926
Task: 001, Epoch: 10000, Test Acc: 0.872,  Mem Test Acc: 0.837, Test F1: 0.872, Mem Test F1: 0.837
Task: 002, Epoch: 15000, Test Acc: 0.935,  Mem Test Acc: 0.786, Test F1: 0.935, Mem Test F1: 0.786
##########################################
PM: 0.935, FM: 0.140, AP: 0.786, AF: 0.051
##########################################
(3,) (3,) (3,) (3,)
Task: 000, Epoch: 5000, Test Acc: 0.927,  Mem Test Acc: 0.927, Test F1: 0.927, Mem Test F1: 0.927
Task: 001, Epoch: 10000, Test Acc: 0.857,  Mem Test Acc: 0.796, Test F1: 0.857, Mem Test F1: 0.796
Task: 002, Epoch: 15000, Test Acc: 0.943,  Mem Test Acc: 0.783, Test F1: 0.943, Mem Test F1: 0.783
##########################################
PM: 0.943, FM: 0.144, AP: 0.783, AF: 0.014
##########################################
(3,) (3,) (3,) (3,)
Task: 000, Epoch: 5000, Test Acc: 0.924,  Mem Test Acc: 0.924, Test F1: 0.924, Mem Test F1: 0.924
Task: 001, Epoch: 10000, Test Acc: 0.858,  Mem Test Acc: 0.811, Test F1: 0.858, Mem Test F1: 0.811
Task: 002, Epoch: 15000, Test Acc: 0.926,  Mem Test Acc: 0.793, Test F1: 0.926, Mem Test F1: 0.793
##########################################
PM: 0.926, FM: 0.131, AP: 0.793, AF: 0.017
##########################################
(3,) (3,) (3,) (3,)
Task: 000, Epoch: 5000, Test Acc: 0.922,  Mem Test Acc: 0.922, Test F1: 0.922, Mem Test F1: 0.922
Task: 001, Epoch: 10000, Test Acc: 0.845,  Mem Test Acc: 0.807, Test F1: 0.845, Mem Test F1: 0.807
Task: 002, Epoch: 15000, Test Acc: 0.926,  Mem Test Acc: 0.776, Test F1: 0.926, Mem Test F1: 0.776
##########################################
PM: 0.926, FM: 0.146, AP: 0.776, AF: 0.031
##########################################
(3,) (3,) (3,) (3,)
Task: 000, Epoch: 5000, Test Acc: 0.929,  Mem Test Acc: 0.929, Test F1: 0.929, Mem Test F1: 0.929
Task: 001, Epoch: 10000, Test Acc: 0.845,  Mem Test Acc: 0.820, Test F1: 0.845, Mem Test F1: 0.820
Task: 002, Epoch: 15000, Test Acc: 0.935,  Mem Test Acc: 0.763, Test F1: 0.935, Mem Test F1: 0.763
##########################################
PM: 0.935, FM: 0.166, AP: 0.763, AF: 0.057
##########################################
(3,) (3,) (3,) (3,)
Task: 000, Epoch: 5000, Test Acc: 0.923,  Mem Test Acc: 0.923, Test F1: 0.923, Mem Test F1: 0.923
Task: 001, Epoch: 10000, Test Acc: 0.861,  Mem Test Acc: 0.825, Test F1: 0.861, Mem Test F1: 0.825
Task: 002, Epoch: 15000, Test Acc: 0.906,  Mem Test Acc: 0.789, Test F1: 0.906, Mem Test F1: 0.789
##########################################
PM: 0.906, FM: 0.134, AP: 0.789, AF: 0.036
##########################################
(3,) (3,) (3,) (3,)
Task: 000, Epoch: 5000, Test Acc: 0.923,  Mem Test Acc: 0.923, Test F1: 0.923, Mem Test F1: 0.923
Task: 001, Epoch: 10000, Test Acc: 0.866,  Mem Test Acc: 0.801, Test F1: 0.866, Mem Test F1: 0.801
Task: 002, Epoch: 15000, Test Acc: 0.928,  Mem Test Acc: 0.780, Test F1: 0.928, Mem Test F1: 0.780
##########################################
PM: 0.928, FM: 0.144, AP: 0.780, AF: 0.021
##########################################
(3,) (3,) (3,) (3,)
Task: 000, Epoch: 5000, Test Acc: 0.924,  Mem Test Acc: 0.924, Test F1: 0.924, Mem Test F1: 0.924
Task: 001, Epoch: 10000, Test Acc: 0.846,  Mem Test Acc: 0.821, Test F1: 0.846, Mem Test F1: 0.821
Task: 002, Epoch: 15000, Test Acc: 0.902,  Mem Test Acc: 0.799, Test F1: 0.902, Mem Test F1: 0.799
##########################################
PM: 0.902, FM: 0.125, AP: 0.799, AF: 0.022
##########################################
(3,) (3,) (3,) (3,)
Task: 000, Epoch: 5000, Test Acc: 0.926,  Mem Test Acc: 0.926, Test F1: 0.926, Mem Test F1: 0.926
Task: 001, Epoch: 10000, Test Acc: 0.849,  Mem Test Acc: 0.815, Test F1: 0.849, Mem Test F1: 0.815
Task: 002, Epoch: 15000, Test Acc: 0.924,  Mem Test Acc: 0.795, Test F1: 0.924, Mem Test F1: 0.795
##########################################
PM: 0.924, FM: 0.131, AP: 0.795, AF: 0.020
##########################################
(3,) (3,) (3,) (3,)
