Data(x=[4230, 602], edge_index=[2, 10674], y=[4230])
from the load dataset tensor([[0., 0., 0.,  ..., 0., 0., 0.],
        [0., 0., 0.,  ..., 0., 0., 0.],
        [0., 0., 0.,  ..., 0., 0., 0.],
        ...,
        [0., 0., 0.,  ..., 0., 0., 0.],
        [0., 0., 0.,  ..., 0., 0., 0.],
        [0., 0., 0.,  ..., 0., 0., 0.]])
Dataset: CiteseerFull():
======================
Number of graphs: 1
Number of features: 602
Number of classes: 6
selected 6 ids from 6
tensor([False, False, False,  ..., False, False, False]) tensor([ True, False,  True,  ...,  True,  True, False])
Task: 000, Epoch: 5000, Test Acc: 1.000,            Mem Test Acc: 1.000, Test F1: 1.000,            Mem Test F1: 1.000
Task: 001, Epoch: 5000, Test Acc: 0.976,            Mem Test Acc: 0.969, Test F1: 0.976,            Mem Test F1: 0.969
Task: 002, Epoch: 5000, Test Acc: 0.919,            Mem Test Acc: 0.905, Test F1: 0.919,            Mem Test F1: 0.905
Task: 003, Epoch: 5000, Test Acc: 0.903,            Mem Test Acc: 0.845, Test F1: 0.903,            Mem Test F1: 0.845
Task: 004, Epoch: 5000, Test Acc: 0.922,            Mem Test Acc: 0.798, Test F1: 0.922,            Mem Test F1: 0.798
Task: 005, Epoch: 5000, Test Acc: 0.914,            Mem Test Acc: 0.825, Test F1: 0.914,            Mem Test F1: 0.825
##########################################
PM: 0.914, FM: 0.175, AP: 0.825, AF: 0.027
##########################################
(6,) (6,) (6,) (6,)
tensor([False, False, False,  ..., False, False, False]) tensor([ True, False,  True,  ...,  True,  True, False])
Task: 000, Epoch: 5000, Test Acc: 1.000,            Mem Test Acc: 1.000, Test F1: 1.000,            Mem Test F1: 1.000
Task: 001, Epoch: 5000, Test Acc: 0.972,            Mem Test Acc: 0.970, Test F1: 0.972,            Mem Test F1: 0.970
Task: 002, Epoch: 5000, Test Acc: 0.946,            Mem Test Acc: 0.910, Test F1: 0.946,            Mem Test F1: 0.910
Task: 003, Epoch: 5000, Test Acc: 0.911,            Mem Test Acc: 0.855, Test F1: 0.911,            Mem Test F1: 0.855
Task: 004, Epoch: 5000, Test Acc: 0.925,            Mem Test Acc: 0.809, Test F1: 0.925,            Mem Test F1: 0.809
Task: 005, Epoch: 5000, Test Acc: 0.943,            Mem Test Acc: 0.841, Test F1: 0.943,            Mem Test F1: 0.841
##########################################
PM: 0.943, FM: 0.159, AP: 0.841, AF: 0.031
##########################################
(6,) (6,) (6,) (6,)
tensor([False, False, False,  ..., False, False, False]) tensor([ True, False,  True,  ...,  True,  True, False])
Task: 000, Epoch: 5000, Test Acc: 1.000,            Mem Test Acc: 1.000, Test F1: 1.000,            Mem Test F1: 1.000
Task: 001, Epoch: 5000, Test Acc: 0.966,            Mem Test Acc: 0.968, Test F1: 0.966,            Mem Test F1: 0.968
Task: 002, Epoch: 5000, Test Acc: 0.932,            Mem Test Acc: 0.905, Test F1: 0.932,            Mem Test F1: 0.905
Task: 003, Epoch: 5000, Test Acc: 0.918,            Mem Test Acc: 0.847, Test F1: 0.918,            Mem Test F1: 0.847
Task: 004, Epoch: 5000, Test Acc: 0.926,            Mem Test Acc: 0.811, Test F1: 0.926,            Mem Test F1: 0.811
Task: 005, Epoch: 5000, Test Acc: 0.949,            Mem Test Acc: 0.830, Test F1: 0.949,            Mem Test F1: 0.830
##########################################
PM: 0.949, FM: 0.170, AP: 0.830, AF: 0.019
##########################################
(6,) (6,) (6,) (6,)
tensor([False, False, False,  ..., False, False, False]) tensor([ True, False,  True,  ...,  True,  True, False])
Task: 000, Epoch: 5000, Test Acc: 1.000,            Mem Test Acc: 1.000, Test F1: 1.000,            Mem Test F1: 1.000
Task: 001, Epoch: 5000, Test Acc: 0.975,            Mem Test Acc: 0.969, Test F1: 0.975,            Mem Test F1: 0.969
Task: 002, Epoch: 5000, Test Acc: 0.932,            Mem Test Acc: 0.910, Test F1: 0.932,            Mem Test F1: 0.910
Task: 003, Epoch: 5000, Test Acc: 0.920,            Mem Test Acc: 0.854, Test F1: 0.920,            Mem Test F1: 0.854
Task: 004, Epoch: 5000, Test Acc: 0.935,            Mem Test Acc: 0.802, Test F1: 0.935,            Mem Test F1: 0.802
Task: 005, Epoch: 5000, Test Acc: 0.871,            Mem Test Acc: 0.827, Test F1: 0.871,            Mem Test F1: 0.827
##########################################
PM: 0.871, FM: 0.173, AP: 0.827, AF: 0.025
##########################################
(6,) (6,) (6,) (6,)
tensor([False, False, False,  ..., False, False, False]) tensor([ True, False,  True,  ...,  True,  True, False])
Task: 000, Epoch: 5000, Test Acc: 1.000,            Mem Test Acc: 1.000, Test F1: 1.000,            Mem Test F1: 1.000
Task: 001, Epoch: 5000, Test Acc: 0.968,            Mem Test Acc: 0.968, Test F1: 0.968,            Mem Test F1: 0.968
Task: 002, Epoch: 5000, Test Acc: 0.937,            Mem Test Acc: 0.913, Test F1: 0.937,            Mem Test F1: 0.913
Task: 003, Epoch: 5000, Test Acc: 0.918,            Mem Test Acc: 0.846, Test F1: 0.918,            Mem Test F1: 0.846
Task: 004, Epoch: 5000, Test Acc: 0.931,            Mem Test Acc: 0.800, Test F1: 0.931,            Mem Test F1: 0.800
Task: 005, Epoch: 5000, Test Acc: 0.892,            Mem Test Acc: 0.830, Test F1: 0.892,            Mem Test F1: 0.830
##########################################
PM: 0.892, FM: 0.170, AP: 0.830, AF: 0.030
##########################################
(6,) (6,) (6,) (6,)
tensor([False, False, False,  ..., False, False, False]) tensor([ True, False,  True,  ...,  True,  True, False])
Task: 000, Epoch: 5000, Test Acc: 1.000,            Mem Test Acc: 1.000, Test F1: 1.000,            Mem Test F1: 1.000
Task: 001, Epoch: 5000, Test Acc: 0.969,            Mem Test Acc: 0.965, Test F1: 0.969,            Mem Test F1: 0.965
Task: 002, Epoch: 5000, Test Acc: 0.935,            Mem Test Acc: 0.909, Test F1: 0.935,            Mem Test F1: 0.909
Task: 003, Epoch: 5000, Test Acc: 0.925,            Mem Test Acc: 0.854, Test F1: 0.925,            Mem Test F1: 0.854
Task: 004, Epoch: 5000, Test Acc: 0.935,            Mem Test Acc: 0.810, Test F1: 0.935,            Mem Test F1: 0.810
Task: 005, Epoch: 5000, Test Acc: 0.908,            Mem Test Acc: 0.828, Test F1: 0.908,            Mem Test F1: 0.828
##########################################
PM: 0.908, FM: 0.172, AP: 0.828, AF: 0.018
##########################################
(6,) (6,) (6,) (6,)
tensor([False, False, False,  ..., False, False, False]) tensor([ True, False,  True,  ...,  True,  True, False])
Task: 000, Epoch: 5000, Test Acc: 1.000,            Mem Test Acc: 1.000, Test F1: 1.000,            Mem Test F1: 1.000
Task: 001, Epoch: 5000, Test Acc: 0.965,            Mem Test Acc: 0.967, Test F1: 0.965,            Mem Test F1: 0.967
Task: 002, Epoch: 5000, Test Acc: 0.937,            Mem Test Acc: 0.906, Test F1: 0.937,            Mem Test F1: 0.906
Task: 003, Epoch: 5000, Test Acc: 0.933,            Mem Test Acc: 0.843, Test F1: 0.933,            Mem Test F1: 0.843
Task: 004, Epoch: 5000, Test Acc: 0.946,            Mem Test Acc: 0.804, Test F1: 0.946,            Mem Test F1: 0.804
Task: 005, Epoch: 5000, Test Acc: 0.902,            Mem Test Acc: 0.822, Test F1: 0.902,            Mem Test F1: 0.822
##########################################
PM: 0.902, FM: 0.178, AP: 0.822, AF: 0.018
##########################################
(6,) (6,) (6,) (6,)
tensor([False, False, False,  ..., False, False, False]) tensor([ True, False,  True,  ...,  True,  True, False])
Task: 000, Epoch: 5000, Test Acc: 1.000,            Mem Test Acc: 1.000, Test F1: 1.000,            Mem Test F1: 1.000
Task: 001, Epoch: 5000, Test Acc: 0.962,            Mem Test Acc: 0.967, Test F1: 0.962,            Mem Test F1: 0.967
Task: 002, Epoch: 5000, Test Acc: 0.940,            Mem Test Acc: 0.910, Test F1: 0.940,            Mem Test F1: 0.910
Task: 003, Epoch: 5000, Test Acc: 0.916,            Mem Test Acc: 0.856, Test F1: 0.916,            Mem Test F1: 0.856
Task: 004, Epoch: 5000, Test Acc: 0.922,            Mem Test Acc: 0.791, Test F1: 0.922,            Mem Test F1: 0.791
Task: 005, Epoch: 5000, Test Acc: 0.902,            Mem Test Acc: 0.825, Test F1: 0.902,            Mem Test F1: 0.825
##########################################
PM: 0.902, FM: 0.175, AP: 0.825, AF: 0.035
##########################################
(6,) (6,) (6,) (6,)
tensor([False, False, False,  ..., False, False, False]) tensor([ True, False,  True,  ...,  True,  True, False])
Task: 000, Epoch: 5000, Test Acc: 1.000,            Mem Test Acc: 1.000, Test F1: 1.000,            Mem Test F1: 1.000
Task: 001, Epoch: 5000, Test Acc: 0.948,            Mem Test Acc: 0.958, Test F1: 0.948,            Mem Test F1: 0.958
Task: 002, Epoch: 5000, Test Acc: 0.935,            Mem Test Acc: 0.908, Test F1: 0.935,            Mem Test F1: 0.908
Task: 003, Epoch: 5000, Test Acc: 0.925,            Mem Test Acc: 0.836, Test F1: 0.925,            Mem Test F1: 0.836
Task: 004, Epoch: 5000, Test Acc: 0.932,            Mem Test Acc: 0.800, Test F1: 0.932,            Mem Test F1: 0.800
Task: 005, Epoch: 5000, Test Acc: 0.912,            Mem Test Acc: 0.818, Test F1: 0.912,            Mem Test F1: 0.818
##########################################
PM: 0.912, FM: 0.182, AP: 0.818, AF: 0.019
##########################################
(6,) (6,) (6,) (6,)
tensor([False, False, False,  ..., False, False, False]) tensor([ True, False,  True,  ...,  True,  True, False])
Task: 000, Epoch: 5000, Test Acc: 1.000,            Mem Test Acc: 1.000, Test F1: 1.000,            Mem Test F1: 1.000
Task: 001, Epoch: 5000, Test Acc: 0.973,            Mem Test Acc: 0.970, Test F1: 0.973,            Mem Test F1: 0.970
Task: 002, Epoch: 5000, Test Acc: 0.940,            Mem Test Acc: 0.913, Test F1: 0.940,            Mem Test F1: 0.913
Task: 003, Epoch: 5000, Test Acc: 0.928,            Mem Test Acc: 0.849, Test F1: 0.928,            Mem Test F1: 0.849
Task: 004, Epoch: 5000, Test Acc: 0.935,            Mem Test Acc: 0.803, Test F1: 0.935,            Mem Test F1: 0.803
Task: 005, Epoch: 5000, Test Acc: 0.880,            Mem Test Acc: 0.824, Test F1: 0.880,            Mem Test F1: 0.824
##########################################
PM: 0.880, FM: 0.176, AP: 0.824, AF: 0.021
##########################################
(6,) (6,) (6,) (6,)
