Dataset: MUTAG(188):
====================
Number of graphs: 188
Number of features: 7
Number of classes: 2
Task: 000, Epoch: 1000, Test Acc: 1.000,  Mem Test Acc: 1.000, Test F1: 1.000, Mem Test F1: 1.000
Task: 000, Epoch: 2000, Test Acc: 1.000,  Mem Test Acc: 1.000, Test F1: 1.000, Mem Test F1: 1.000
Task: 000, Epoch: 3000, Test Acc: 1.000,  Mem Test Acc: 1.000, Test F1: 1.000, Mem Test F1: 1.000
Task: 000, Epoch: 4000, Test Acc: 1.000,  Mem Test Acc: 1.000, Test F1: 1.000, Mem Test F1: 1.000
Task: 000, Epoch: 5000, Test Acc: 1.000,  Mem Test Acc: 1.000, Test F1: 1.000, Mem Test F1: 1.000
Task: 000, Epoch: 6000, Test Acc: 1.000,  Mem Test Acc: 1.000, Test F1: 1.000, Mem Test F1: 1.000
Task: 000, Epoch: 7000, Test Acc: 1.000,  Mem Test Acc: 1.000, Test F1: 1.000, Mem Test F1: 1.000
Task: 000, Epoch: 8000, Test Acc: 1.000,  Mem Test Acc: 1.000, Test F1: 1.000, Mem Test F1: 1.000
Task: 000, Epoch: 9000, Test Acc: 1.000,  Mem Test Acc: 1.000, Test F1: 1.000, Mem Test F1: 1.000
Task: 000, Epoch: 10000, Test Acc: 1.000,  Mem Test Acc: 1.000, Test F1: 1.000, Mem Test F1: 1.000
Task: 000, Epoch: 11000, Test Acc: 1.000,  Mem Test Acc: 1.000, Test F1: 1.000, Mem Test F1: 1.000
Task: 000, Epoch: 12000, Test Acc: 1.000,  Mem Test Acc: 1.000, Test F1: 1.000, Mem Test F1: 1.000
Task: 000, Epoch: 13000, Test Acc: 1.000,  Mem Test Acc: 1.000, Test F1: 1.000, Mem Test F1: 1.000
Task: 000, Epoch: 14000, Test Acc: 1.000,  Mem Test Acc: 1.000, Test F1: 1.000, Mem Test F1: 1.000
Task: 001, Epoch: 1000, Test Acc: 0.920,  Mem Test Acc: 0.737, Test F1: 0.920, Mem Test F1: 0.737
Task: 001, Epoch: 2000, Test Acc: 0.960,  Mem Test Acc: 0.816, Test F1: 0.960, Mem Test F1: 0.816
Task: 001, Epoch: 3000, Test Acc: 0.960,  Mem Test Acc: 0.816, Test F1: 0.960, Mem Test F1: 0.816
Task: 001, Epoch: 4000, Test Acc: 0.960,  Mem Test Acc: 0.842, Test F1: 0.960, Mem Test F1: 0.842
Task: 001, Epoch: 5000, Test Acc: 0.960,  Mem Test Acc: 0.868, Test F1: 0.960, Mem Test F1: 0.868
Task: 001, Epoch: 6000, Test Acc: 0.960,  Mem Test Acc: 0.842, Test F1: 0.960, Mem Test F1: 0.842
Task: 001, Epoch: 7000, Test Acc: 0.960,  Mem Test Acc: 0.921, Test F1: 0.960, Mem Test F1: 0.921
Task: 001, Epoch: 8000, Test Acc: 0.960,  Mem Test Acc: 0.921, Test F1: 0.960, Mem Test F1: 0.921
Task: 001, Epoch: 9000, Test Acc: 0.960,  Mem Test Acc: 0.921, Test F1: 0.960, Mem Test F1: 0.921
Task: 001, Epoch: 10000, Test Acc: 0.960,  Mem Test Acc: 0.868, Test F1: 0.960, Mem Test F1: 0.868
Task: 001, Epoch: 11000, Test Acc: 0.960,  Mem Test Acc: 0.921, Test F1: 0.960, Mem Test F1: 0.921
Task: 001, Epoch: 12000, Test Acc: 0.960,  Mem Test Acc: 0.921, Test F1: 0.960, Mem Test F1: 0.921
Task: 001, Epoch: 13000, Test Acc: 0.960,  Mem Test Acc: 0.921, Test F1: 0.960, Mem Test F1: 0.921
Task: 001, Epoch: 14000, Test Acc: 0.960,  Mem Test Acc: 0.921, Test F1: 0.960, Mem Test F1: 0.921
[0.07894736842105265, 0.07894736842105265, 0.07894736842105265, 0.07894736842105265, 0.07894736842105265, 0.07894736842105265, 0.07894736842105265, 0.07894736842105265, 0.07894736842105265, 0.07894736842105265, 0.07894736842105265, 0.07894736842105265, 0.07894736842105265, 0.07894736842105265, 0.1842105263157895, 0.10526315789473695, 0.10526315789473695, 0.07894736842105265, 0.05263157894736836, 0.07894736842105265, 0.0, 0.0, 0.0, 0.05263157894736836, 0.0, 0.0, 0.0, 0.0]
0.1842105263157895
##########################################
PM: 0.960, FM: 0.184, AP: 0.921, AF: 0.000
##########################################
(28,) (28,) (28,) (28,)
Task: 000, Epoch: 1000, Test Acc: 1.000,  Mem Test Acc: 1.000, Test F1: 1.000, Mem Test F1: 1.000
Task: 000, Epoch: 2000, Test Acc: 1.000,  Mem Test Acc: 1.000, Test F1: 1.000, Mem Test F1: 1.000
Task: 000, Epoch: 3000, Test Acc: 1.000,  Mem Test Acc: 1.000, Test F1: 1.000, Mem Test F1: 1.000
Task: 000, Epoch: 4000, Test Acc: 1.000,  Mem Test Acc: 1.000, Test F1: 1.000, Mem Test F1: 1.000
Task: 000, Epoch: 5000, Test Acc: 1.000,  Mem Test Acc: 1.000, Test F1: 1.000, Mem Test F1: 1.000
Task: 000, Epoch: 6000, Test Acc: 1.000,  Mem Test Acc: 1.000, Test F1: 1.000, Mem Test F1: 1.000
Task: 000, Epoch: 7000, Test Acc: 1.000,  Mem Test Acc: 1.000, Test F1: 1.000, Mem Test F1: 1.000
Task: 000, Epoch: 8000, Test Acc: 1.000,  Mem Test Acc: 1.000, Test F1: 1.000, Mem Test F1: 1.000
Task: 000, Epoch: 9000, Test Acc: 1.000,  Mem Test Acc: 1.000, Test F1: 1.000, Mem Test F1: 1.000
Task: 000, Epoch: 10000, Test Acc: 1.000,  Mem Test Acc: 1.000, Test F1: 1.000, Mem Test F1: 1.000
Task: 000, Epoch: 11000, Test Acc: 1.000,  Mem Test Acc: 1.000, Test F1: 1.000, Mem Test F1: 1.000
Task: 000, Epoch: 12000, Test Acc: 1.000,  Mem Test Acc: 1.000, Test F1: 1.000, Mem Test F1: 1.000
Task: 000, Epoch: 13000, Test Acc: 1.000,  Mem Test Acc: 1.000, Test F1: 1.000, Mem Test F1: 1.000
Task: 000, Epoch: 14000, Test Acc: 1.000,  Mem Test Acc: 1.000, Test F1: 1.000, Mem Test F1: 1.000
Task: 001, Epoch: 1000, Test Acc: 1.000,  Mem Test Acc: 0.763, Test F1: 1.000, Mem Test F1: 0.763
Task: 001, Epoch: 2000, Test Acc: 0.880,  Mem Test Acc: 0.763, Test F1: 0.880, Mem Test F1: 0.763
Task: 001, Epoch: 3000, Test Acc: 0.920,  Mem Test Acc: 0.789, Test F1: 0.920, Mem Test F1: 0.789
Task: 001, Epoch: 4000, Test Acc: 0.880,  Mem Test Acc: 0.763, Test F1: 0.880, Mem Test F1: 0.763
Task: 001, Epoch: 5000, Test Acc: 1.000,  Mem Test Acc: 0.816, Test F1: 1.000, Mem Test F1: 0.816
Task: 001, Epoch: 6000, Test Acc: 0.880,  Mem Test Acc: 0.763, Test F1: 0.880, Mem Test F1: 0.763
Task: 001, Epoch: 7000, Test Acc: 0.920,  Mem Test Acc: 0.789, Test F1: 0.920, Mem Test F1: 0.789
Task: 001, Epoch: 8000, Test Acc: 0.880,  Mem Test Acc: 0.816, Test F1: 0.880, Mem Test F1: 0.816
Task: 001, Epoch: 9000, Test Acc: 0.920,  Mem Test Acc: 0.842, Test F1: 0.920, Mem Test F1: 0.842
Task: 001, Epoch: 10000, Test Acc: 0.920,  Mem Test Acc: 0.842, Test F1: 0.920, Mem Test F1: 0.842
Task: 001, Epoch: 11000, Test Acc: 0.920,  Mem Test Acc: 0.842, Test F1: 0.920, Mem Test F1: 0.842
Task: 001, Epoch: 12000, Test Acc: 0.920,  Mem Test Acc: 0.868, Test F1: 0.920, Mem Test F1: 0.868
Task: 001, Epoch: 13000, Test Acc: 0.920,  Mem Test Acc: 0.868, Test F1: 0.920, Mem Test F1: 0.868
Task: 001, Epoch: 14000, Test Acc: 0.920,  Mem Test Acc: 0.842, Test F1: 0.920, Mem Test F1: 0.842
[0.1578947368421053, 0.1578947368421053, 0.1578947368421053, 0.1578947368421053, 0.1578947368421053, 0.1578947368421053, 0.1578947368421053, 0.1578947368421053, 0.1578947368421053, 0.1578947368421053, 0.1578947368421053, 0.1578947368421053, 0.1578947368421053, 0.1578947368421053, 0.07894736842105254, 0.07894736842105254, 0.05263157894736836, 0.07894736842105254, 0.026315789473684292, 0.07894736842105254, 0.05263157894736836, 0.026315789473684292, 0.0, 0.0, 0.0, 0.026315789473684292, 0.026315789473684292, 0.0]
0.1578947368421053
##########################################
PM: 0.920, FM: 0.158, AP: 0.842, AF: 0.000
##########################################
(28,) (28,) (28,) (28,)
Task: 000, Epoch: 1000, Test Acc: 1.000,  Mem Test Acc: 1.000, Test F1: 1.000, Mem Test F1: 1.000
Task: 000, Epoch: 2000, Test Acc: 1.000,  Mem Test Acc: 1.000, Test F1: 1.000, Mem Test F1: 1.000
Task: 000, Epoch: 3000, Test Acc: 1.000,  Mem Test Acc: 1.000, Test F1: 1.000, Mem Test F1: 1.000
Task: 000, Epoch: 4000, Test Acc: 1.000,  Mem Test Acc: 1.000, Test F1: 1.000, Mem Test F1: 1.000
Task: 000, Epoch: 5000, Test Acc: 1.000,  Mem Test Acc: 1.000, Test F1: 1.000, Mem Test F1: 1.000
Task: 000, Epoch: 6000, Test Acc: 1.000,  Mem Test Acc: 1.000, Test F1: 1.000, Mem Test F1: 1.000
Task: 000, Epoch: 7000, Test Acc: 1.000,  Mem Test Acc: 1.000, Test F1: 1.000, Mem Test F1: 1.000
Task: 000, Epoch: 8000, Test Acc: 1.000,  Mem Test Acc: 1.000, Test F1: 1.000, Mem Test F1: 1.000
Task: 000, Epoch: 9000, Test Acc: 1.000,  Mem Test Acc: 1.000, Test F1: 1.000, Mem Test F1: 1.000
Task: 000, Epoch: 10000, Test Acc: 1.000,  Mem Test Acc: 1.000, Test F1: 1.000, Mem Test F1: 1.000
Task: 000, Epoch: 11000, Test Acc: 1.000,  Mem Test Acc: 1.000, Test F1: 1.000, Mem Test F1: 1.000
Task: 000, Epoch: 12000, Test Acc: 1.000,  Mem Test Acc: 1.000, Test F1: 1.000, Mem Test F1: 1.000
Task: 000, Epoch: 13000, Test Acc: 1.000,  Mem Test Acc: 1.000, Test F1: 1.000, Mem Test F1: 1.000
Task: 000, Epoch: 14000, Test Acc: 1.000,  Mem Test Acc: 1.000, Test F1: 1.000, Mem Test F1: 1.000
Task: 001, Epoch: 1000, Test Acc: 0.880,  Mem Test Acc: 0.737, Test F1: 0.880, Mem Test F1: 0.737
Task: 001, Epoch: 2000, Test Acc: 0.880,  Mem Test Acc: 0.789, Test F1: 0.880, Mem Test F1: 0.789
Task: 001, Epoch: 3000, Test Acc: 0.880,  Mem Test Acc: 0.789, Test F1: 0.880, Mem Test F1: 0.789
Task: 001, Epoch: 4000, Test Acc: 0.920,  Mem Test Acc: 0.763, Test F1: 0.920, Mem Test F1: 0.763
Task: 001, Epoch: 5000, Test Acc: 0.920,  Mem Test Acc: 0.789, Test F1: 0.920, Mem Test F1: 0.789
Task: 001, Epoch: 6000, Test Acc: 0.920,  Mem Test Acc: 0.763, Test F1: 0.920, Mem Test F1: 0.763
Task: 001, Epoch: 7000, Test Acc: 0.920,  Mem Test Acc: 0.763, Test F1: 0.920, Mem Test F1: 0.763
Task: 001, Epoch: 8000, Test Acc: 0.920,  Mem Test Acc: 0.789, Test F1: 0.920, Mem Test F1: 0.789
Task: 001, Epoch: 9000, Test Acc: 0.920,  Mem Test Acc: 0.763, Test F1: 0.920, Mem Test F1: 0.763
Task: 001, Epoch: 10000, Test Acc: 0.920,  Mem Test Acc: 0.763, Test F1: 0.920, Mem Test F1: 0.763
Task: 001, Epoch: 11000, Test Acc: 0.920,  Mem Test Acc: 0.763, Test F1: 0.920, Mem Test F1: 0.763
Task: 001, Epoch: 12000, Test Acc: 0.920,  Mem Test Acc: 0.737, Test F1: 0.920, Mem Test F1: 0.737
Task: 001, Epoch: 13000, Test Acc: 0.920,  Mem Test Acc: 0.763, Test F1: 0.920, Mem Test F1: 0.763
Task: 001, Epoch: 14000, Test Acc: 0.920,  Mem Test Acc: 0.763, Test F1: 0.920, Mem Test F1: 0.763
[0.23684210526315785, 0.23684210526315785, 0.23684210526315785, 0.23684210526315785, 0.23684210526315785, 0.23684210526315785, 0.23684210526315785, 0.23684210526315785, 0.23684210526315785, 0.23684210526315785, 0.23684210526315785, 0.23684210526315785, 0.23684210526315785, 0.23684210526315785, 0.026315789473684292, 0.02631578947368418, 0.02631578947368418, 0.0, 0.02631578947368418, 0.0, 0.0, 0.02631578947368418, 0.0, 0.0, 0.0, 0.026315789473684292, 0.0, 0.0]
0.23684210526315785
##########################################
PM: 0.920, FM: 0.237, AP: 0.763, AF: 0.000
##########################################
(28,) (28,) (28,) (28,)
Task: 000, Epoch: 1000, Test Acc: 1.000,  Mem Test Acc: 1.000, Test F1: 1.000, Mem Test F1: 1.000
Task: 000, Epoch: 2000, Test Acc: 1.000,  Mem Test Acc: 1.000, Test F1: 1.000, Mem Test F1: 1.000
Task: 000, Epoch: 3000, Test Acc: 1.000,  Mem Test Acc: 1.000, Test F1: 1.000, Mem Test F1: 1.000
Task: 000, Epoch: 4000, Test Acc: 1.000,  Mem Test Acc: 1.000, Test F1: 1.000, Mem Test F1: 1.000
Task: 000, Epoch: 5000, Test Acc: 1.000,  Mem Test Acc: 1.000, Test F1: 1.000, Mem Test F1: 1.000
Task: 000, Epoch: 6000, Test Acc: 1.000,  Mem Test Acc: 1.000, Test F1: 1.000, Mem Test F1: 1.000
Task: 000, Epoch: 7000, Test Acc: 1.000,  Mem Test Acc: 1.000, Test F1: 1.000, Mem Test F1: 1.000
Task: 000, Epoch: 8000, Test Acc: 1.000,  Mem Test Acc: 1.000, Test F1: 1.000, Mem Test F1: 1.000
Task: 000, Epoch: 9000, Test Acc: 1.000,  Mem Test Acc: 1.000, Test F1: 1.000, Mem Test F1: 1.000
Task: 000, Epoch: 10000, Test Acc: 1.000,  Mem Test Acc: 1.000, Test F1: 1.000, Mem Test F1: 1.000
Task: 000, Epoch: 11000, Test Acc: 1.000,  Mem Test Acc: 1.000, Test F1: 1.000, Mem Test F1: 1.000
Task: 000, Epoch: 12000, Test Acc: 1.000,  Mem Test Acc: 1.000, Test F1: 1.000, Mem Test F1: 1.000
Task: 000, Epoch: 13000, Test Acc: 1.000,  Mem Test Acc: 1.000, Test F1: 1.000, Mem Test F1: 1.000
Task: 000, Epoch: 14000, Test Acc: 1.000,  Mem Test Acc: 1.000, Test F1: 1.000, Mem Test F1: 1.000
Task: 001, Epoch: 1000, Test Acc: 0.960,  Mem Test Acc: 0.737, Test F1: 0.960, Mem Test F1: 0.737
Task: 001, Epoch: 2000, Test Acc: 0.920,  Mem Test Acc: 0.816, Test F1: 0.920, Mem Test F1: 0.816
Task: 001, Epoch: 3000, Test Acc: 0.920,  Mem Test Acc: 0.816, Test F1: 0.920, Mem Test F1: 0.816
Task: 001, Epoch: 4000, Test Acc: 0.920,  Mem Test Acc: 0.816, Test F1: 0.920, Mem Test F1: 0.816
Task: 001, Epoch: 5000, Test Acc: 0.920,  Mem Test Acc: 0.816, Test F1: 0.920, Mem Test F1: 0.816
Task: 001, Epoch: 6000, Test Acc: 0.920,  Mem Test Acc: 0.789, Test F1: 0.920, Mem Test F1: 0.789
Task: 001, Epoch: 7000, Test Acc: 0.920,  Mem Test Acc: 0.842, Test F1: 0.920, Mem Test F1: 0.842
Task: 001, Epoch: 8000, Test Acc: 0.920,  Mem Test Acc: 0.842, Test F1: 0.920, Mem Test F1: 0.842
Task: 001, Epoch: 9000, Test Acc: 0.920,  Mem Test Acc: 0.868, Test F1: 0.920, Mem Test F1: 0.868
Task: 001, Epoch: 10000, Test Acc: 0.920,  Mem Test Acc: 0.868, Test F1: 0.920, Mem Test F1: 0.868
Task: 001, Epoch: 11000, Test Acc: 0.920,  Mem Test Acc: 0.868, Test F1: 0.920, Mem Test F1: 0.868
Task: 001, Epoch: 12000, Test Acc: 0.920,  Mem Test Acc: 0.868, Test F1: 0.920, Mem Test F1: 0.868
Task: 001, Epoch: 13000, Test Acc: 0.920,  Mem Test Acc: 0.868, Test F1: 0.920, Mem Test F1: 0.868
Task: 001, Epoch: 14000, Test Acc: 0.920,  Mem Test Acc: 0.868, Test F1: 0.920, Mem Test F1: 0.868
[0.13157894736842102, 0.13157894736842102, 0.13157894736842102, 0.13157894736842102, 0.13157894736842102, 0.13157894736842102, 0.13157894736842102, 0.13157894736842102, 0.13157894736842102, 0.13157894736842102, 0.13157894736842102, 0.13157894736842102, 0.13157894736842102, 0.13157894736842102, 0.13157894736842113, 0.052631578947368585, 0.052631578947368585, 0.052631578947368585, 0.052631578947368585, 0.07894736842105265, 0.026315789473684292, 0.026315789473684292, 0.0, 0.0, 0.0, 0.0, 0.0, 0.0]
0.13157894736842113
##########################################
PM: 0.920, FM: 0.132, AP: 0.868, AF: 0.000
##########################################
(28,) (28,) (28,) (28,)
Task: 000, Epoch: 1000, Test Acc: 1.000,  Mem Test Acc: 1.000, Test F1: 1.000, Mem Test F1: 1.000
Task: 000, Epoch: 2000, Test Acc: 1.000,  Mem Test Acc: 1.000, Test F1: 1.000, Mem Test F1: 1.000
Task: 000, Epoch: 3000, Test Acc: 1.000,  Mem Test Acc: 1.000, Test F1: 1.000, Mem Test F1: 1.000
Task: 000, Epoch: 4000, Test Acc: 1.000,  Mem Test Acc: 1.000, Test F1: 1.000, Mem Test F1: 1.000
Task: 000, Epoch: 5000, Test Acc: 1.000,  Mem Test Acc: 1.000, Test F1: 1.000, Mem Test F1: 1.000
Task: 000, Epoch: 6000, Test Acc: 1.000,  Mem Test Acc: 1.000, Test F1: 1.000, Mem Test F1: 1.000
Task: 000, Epoch: 7000, Test Acc: 1.000,  Mem Test Acc: 1.000, Test F1: 1.000, Mem Test F1: 1.000
Task: 000, Epoch: 8000, Test Acc: 1.000,  Mem Test Acc: 1.000, Test F1: 1.000, Mem Test F1: 1.000
Task: 000, Epoch: 9000, Test Acc: 1.000,  Mem Test Acc: 1.000, Test F1: 1.000, Mem Test F1: 1.000
Task: 000, Epoch: 10000, Test Acc: 1.000,  Mem Test Acc: 1.000, Test F1: 1.000, Mem Test F1: 1.000
Task: 000, Epoch: 11000, Test Acc: 1.000,  Mem Test Acc: 1.000, Test F1: 1.000, Mem Test F1: 1.000
Task: 000, Epoch: 12000, Test Acc: 1.000,  Mem Test Acc: 1.000, Test F1: 1.000, Mem Test F1: 1.000
Task: 000, Epoch: 13000, Test Acc: 1.000,  Mem Test Acc: 1.000, Test F1: 1.000, Mem Test F1: 1.000
Task: 000, Epoch: 14000, Test Acc: 1.000,  Mem Test Acc: 1.000, Test F1: 1.000, Mem Test F1: 1.000
Task: 001, Epoch: 1000, Test Acc: 0.960,  Mem Test Acc: 0.737, Test F1: 0.960, Mem Test F1: 0.737
Task: 001, Epoch: 2000, Test Acc: 0.920,  Mem Test Acc: 0.763, Test F1: 0.920, Mem Test F1: 0.763
Task: 001, Epoch: 3000, Test Acc: 0.960,  Mem Test Acc: 0.789, Test F1: 0.960, Mem Test F1: 0.789
Task: 001, Epoch: 4000, Test Acc: 0.920,  Mem Test Acc: 0.789, Test F1: 0.920, Mem Test F1: 0.789
Task: 001, Epoch: 5000, Test Acc: 0.920,  Mem Test Acc: 0.789, Test F1: 0.920, Mem Test F1: 0.789
Task: 001, Epoch: 6000, Test Acc: 0.920,  Mem Test Acc: 0.789, Test F1: 0.920, Mem Test F1: 0.789
Task: 001, Epoch: 7000, Test Acc: 0.960,  Mem Test Acc: 0.763, Test F1: 0.960, Mem Test F1: 0.763
Task: 001, Epoch: 8000, Test Acc: 0.920,  Mem Test Acc: 0.816, Test F1: 0.920, Mem Test F1: 0.816
Task: 001, Epoch: 9000, Test Acc: 0.920,  Mem Test Acc: 0.816, Test F1: 0.920, Mem Test F1: 0.816
Task: 001, Epoch: 10000, Test Acc: 0.920,  Mem Test Acc: 0.816, Test F1: 0.920, Mem Test F1: 0.816
Task: 001, Epoch: 11000, Test Acc: 0.920,  Mem Test Acc: 0.816, Test F1: 0.920, Mem Test F1: 0.816
Task: 001, Epoch: 12000, Test Acc: 0.920,  Mem Test Acc: 0.789, Test F1: 0.920, Mem Test F1: 0.789
Task: 001, Epoch: 13000, Test Acc: 0.920,  Mem Test Acc: 0.816, Test F1: 0.920, Mem Test F1: 0.816
Task: 001, Epoch: 14000, Test Acc: 0.920,  Mem Test Acc: 0.789, Test F1: 0.920, Mem Test F1: 0.789
[0.21052631578947367, 0.21052631578947367, 0.21052631578947367, 0.21052631578947367, 0.21052631578947367, 0.21052631578947367, 0.21052631578947367, 0.21052631578947367, 0.21052631578947367, 0.21052631578947367, 0.21052631578947367, 0.21052631578947367, 0.21052631578947367, 0.21052631578947367, 0.052631578947368474, 0.02631578947368418, 0.0, 0.0, 0.0, 0.0, 0.02631578947368418, 0.02631578947368407, 0.02631578947368407, 0.02631578947368407, 0.02631578947368407, 0.0, 0.02631578947368407, 0.0]
0.21052631578947367
##########################################
PM: 0.920, FM: 0.211, AP: 0.789, AF: 0.000
##########################################
(28,) (28,) (28,) (28,)
Task: 000, Epoch: 1000, Test Acc: 1.000,  Mem Test Acc: 1.000, Test F1: 1.000, Mem Test F1: 1.000
Task: 000, Epoch: 2000, Test Acc: 1.000,  Mem Test Acc: 1.000, Test F1: 1.000, Mem Test F1: 1.000
Task: 000, Epoch: 3000, Test Acc: 1.000,  Mem Test Acc: 1.000, Test F1: 1.000, Mem Test F1: 1.000
Task: 000, Epoch: 4000, Test Acc: 1.000,  Mem Test Acc: 1.000, Test F1: 1.000, Mem Test F1: 1.000
Task: 000, Epoch: 5000, Test Acc: 1.000,  Mem Test Acc: 1.000, Test F1: 1.000, Mem Test F1: 1.000
Task: 000, Epoch: 6000, Test Acc: 1.000,  Mem Test Acc: 1.000, Test F1: 1.000, Mem Test F1: 1.000
Task: 000, Epoch: 7000, Test Acc: 1.000,  Mem Test Acc: 1.000, Test F1: 1.000, Mem Test F1: 1.000
Task: 000, Epoch: 8000, Test Acc: 1.000,  Mem Test Acc: 1.000, Test F1: 1.000, Mem Test F1: 1.000
Task: 000, Epoch: 9000, Test Acc: 1.000,  Mem Test Acc: 1.000, Test F1: 1.000, Mem Test F1: 1.000
Task: 000, Epoch: 10000, Test Acc: 1.000,  Mem Test Acc: 1.000, Test F1: 1.000, Mem Test F1: 1.000
Task: 000, Epoch: 11000, Test Acc: 1.000,  Mem Test Acc: 1.000, Test F1: 1.000, Mem Test F1: 1.000
Task: 000, Epoch: 12000, Test Acc: 1.000,  Mem Test Acc: 1.000, Test F1: 1.000, Mem Test F1: 1.000
Task: 000, Epoch: 13000, Test Acc: 1.000,  Mem Test Acc: 1.000, Test F1: 1.000, Mem Test F1: 1.000
Task: 000, Epoch: 14000, Test Acc: 1.000,  Mem Test Acc: 1.000, Test F1: 1.000, Mem Test F1: 1.000
Task: 001, Epoch: 1000, Test Acc: 1.000,  Mem Test Acc: 0.711, Test F1: 1.000, Mem Test F1: 0.711
Task: 001, Epoch: 2000, Test Acc: 1.000,  Mem Test Acc: 0.816, Test F1: 1.000, Mem Test F1: 0.816
Task: 001, Epoch: 3000, Test Acc: 0.960,  Mem Test Acc: 0.868, Test F1: 0.960, Mem Test F1: 0.868
Task: 001, Epoch: 4000, Test Acc: 0.960,  Mem Test Acc: 0.868, Test F1: 0.960, Mem Test F1: 0.868
Task: 001, Epoch: 5000, Test Acc: 1.000,  Mem Test Acc: 0.895, Test F1: 1.000, Mem Test F1: 0.895
Task: 001, Epoch: 6000, Test Acc: 1.000,  Mem Test Acc: 0.895, Test F1: 1.000, Mem Test F1: 0.895
Task: 001, Epoch: 7000, Test Acc: 1.000,  Mem Test Acc: 0.868, Test F1: 1.000, Mem Test F1: 0.868
Task: 001, Epoch: 8000, Test Acc: 1.000,  Mem Test Acc: 0.895, Test F1: 1.000, Mem Test F1: 0.895
Task: 001, Epoch: 9000, Test Acc: 1.000,  Mem Test Acc: 0.868, Test F1: 1.000, Mem Test F1: 0.868
Task: 001, Epoch: 10000, Test Acc: 1.000,  Mem Test Acc: 0.868, Test F1: 1.000, Mem Test F1: 0.868
Task: 001, Epoch: 11000, Test Acc: 1.000,  Mem Test Acc: 0.868, Test F1: 1.000, Mem Test F1: 0.868
Task: 001, Epoch: 12000, Test Acc: 1.000,  Mem Test Acc: 0.868, Test F1: 1.000, Mem Test F1: 0.868
Task: 001, Epoch: 13000, Test Acc: 1.000,  Mem Test Acc: 0.895, Test F1: 1.000, Mem Test F1: 0.895
Task: 001, Epoch: 14000, Test Acc: 1.000,  Mem Test Acc: 0.895, Test F1: 1.000, Mem Test F1: 0.895
[0.10526315789473684, 0.10526315789473684, 0.10526315789473684, 0.10526315789473684, 0.10526315789473684, 0.10526315789473684, 0.10526315789473684, 0.10526315789473684, 0.10526315789473684, 0.10526315789473684, 0.10526315789473684, 0.10526315789473684, 0.10526315789473684, 0.10526315789473684, 0.1842105263157895, 0.07894736842105277, 0.02631578947368418, 0.02631578947368418, 0.0, 0.0, 0.02631578947368418, 0.0, 0.02631578947368418, 0.02631578947368418, 0.02631578947368418, 0.02631578947368418, 0.0, 0.0]
0.1842105263157895
##########################################
PM: 1.000, FM: 0.184, AP: 0.895, AF: 0.000
##########################################
(28,) (28,) (28,) (28,)
Task: 000, Epoch: 1000, Test Acc: 1.000,  Mem Test Acc: 1.000, Test F1: 1.000, Mem Test F1: 1.000
Task: 000, Epoch: 2000, Test Acc: 1.000,  Mem Test Acc: 1.000, Test F1: 1.000, Mem Test F1: 1.000
Task: 000, Epoch: 3000, Test Acc: 1.000,  Mem Test Acc: 1.000, Test F1: 1.000, Mem Test F1: 1.000
Task: 000, Epoch: 4000, Test Acc: 1.000,  Mem Test Acc: 1.000, Test F1: 1.000, Mem Test F1: 1.000
Task: 000, Epoch: 5000, Test Acc: 1.000,  Mem Test Acc: 1.000, Test F1: 1.000, Mem Test F1: 1.000
Task: 000, Epoch: 6000, Test Acc: 1.000,  Mem Test Acc: 1.000, Test F1: 1.000, Mem Test F1: 1.000
Task: 000, Epoch: 7000, Test Acc: 1.000,  Mem Test Acc: 1.000, Test F1: 1.000, Mem Test F1: 1.000
Task: 000, Epoch: 8000, Test Acc: 1.000,  Mem Test Acc: 1.000, Test F1: 1.000, Mem Test F1: 1.000
Task: 000, Epoch: 9000, Test Acc: 1.000,  Mem Test Acc: 1.000, Test F1: 1.000, Mem Test F1: 1.000
Task: 000, Epoch: 10000, Test Acc: 1.000,  Mem Test Acc: 1.000, Test F1: 1.000, Mem Test F1: 1.000
Task: 000, Epoch: 11000, Test Acc: 1.000,  Mem Test Acc: 1.000, Test F1: 1.000, Mem Test F1: 1.000
Task: 000, Epoch: 12000, Test Acc: 1.000,  Mem Test Acc: 1.000, Test F1: 1.000, Mem Test F1: 1.000
Task: 000, Epoch: 13000, Test Acc: 1.000,  Mem Test Acc: 1.000, Test F1: 1.000, Mem Test F1: 1.000
Task: 000, Epoch: 14000, Test Acc: 1.000,  Mem Test Acc: 1.000, Test F1: 1.000, Mem Test F1: 1.000
Task: 001, Epoch: 1000, Test Acc: 0.960,  Mem Test Acc: 0.816, Test F1: 0.960, Mem Test F1: 0.816
Task: 001, Epoch: 2000, Test Acc: 0.960,  Mem Test Acc: 0.789, Test F1: 0.960, Mem Test F1: 0.789
Task: 001, Epoch: 3000, Test Acc: 0.960,  Mem Test Acc: 0.816, Test F1: 0.960, Mem Test F1: 0.816
Task: 001, Epoch: 4000, Test Acc: 0.920,  Mem Test Acc: 0.789, Test F1: 0.920, Mem Test F1: 0.789
Task: 001, Epoch: 5000, Test Acc: 0.880,  Mem Test Acc: 0.763, Test F1: 0.880, Mem Test F1: 0.763
Task: 001, Epoch: 6000, Test Acc: 0.880,  Mem Test Acc: 0.842, Test F1: 0.880, Mem Test F1: 0.842
Task: 001, Epoch: 7000, Test Acc: 0.880,  Mem Test Acc: 0.763, Test F1: 0.880, Mem Test F1: 0.763
Task: 001, Epoch: 8000, Test Acc: 0.880,  Mem Test Acc: 0.789, Test F1: 0.880, Mem Test F1: 0.789
Task: 001, Epoch: 9000, Test Acc: 0.880,  Mem Test Acc: 0.816, Test F1: 0.880, Mem Test F1: 0.816
Task: 001, Epoch: 10000, Test Acc: 0.880,  Mem Test Acc: 0.816, Test F1: 0.880, Mem Test F1: 0.816
Task: 001, Epoch: 11000, Test Acc: 0.880,  Mem Test Acc: 0.816, Test F1: 0.880, Mem Test F1: 0.816
Task: 001, Epoch: 12000, Test Acc: 0.880,  Mem Test Acc: 0.789, Test F1: 0.880, Mem Test F1: 0.789
Task: 001, Epoch: 13000, Test Acc: 0.880,  Mem Test Acc: 0.789, Test F1: 0.880, Mem Test F1: 0.789
Task: 001, Epoch: 14000, Test Acc: 0.880,  Mem Test Acc: 0.789, Test F1: 0.880, Mem Test F1: 0.789
[0.21052631578947367, 0.21052631578947367, 0.21052631578947367, 0.21052631578947367, 0.21052631578947367, 0.21052631578947367, 0.21052631578947367, 0.21052631578947367, 0.21052631578947367, 0.21052631578947367, 0.21052631578947367, 0.21052631578947367, 0.21052631578947367, 0.21052631578947367, 0.02631578947368407, 0.0, 0.02631578947368407, 0.0, 0.02631578947368418, 0.05263157894736836, 0.02631578947368418, 0.0, 0.02631578947368407, 0.02631578947368407, 0.02631578947368407, 0.0, 0.0, 0.0]
0.21052631578947367
##########################################
PM: 0.880, FM: 0.211, AP: 0.789, AF: 0.000
##########################################
(28,) (28,) (28,) (28,)
Task: 000, Epoch: 1000, Test Acc: 1.000,  Mem Test Acc: 1.000, Test F1: 1.000, Mem Test F1: 1.000
Task: 000, Epoch: 2000, Test Acc: 1.000,  Mem Test Acc: 1.000, Test F1: 1.000, Mem Test F1: 1.000
Task: 000, Epoch: 3000, Test Acc: 1.000,  Mem Test Acc: 1.000, Test F1: 1.000, Mem Test F1: 1.000
Task: 000, Epoch: 4000, Test Acc: 1.000,  Mem Test Acc: 1.000, Test F1: 1.000, Mem Test F1: 1.000
Task: 000, Epoch: 5000, Test Acc: 1.000,  Mem Test Acc: 1.000, Test F1: 1.000, Mem Test F1: 1.000
Task: 000, Epoch: 6000, Test Acc: 1.000,  Mem Test Acc: 1.000, Test F1: 1.000, Mem Test F1: 1.000
Task: 000, Epoch: 7000, Test Acc: 1.000,  Mem Test Acc: 1.000, Test F1: 1.000, Mem Test F1: 1.000
Task: 000, Epoch: 8000, Test Acc: 1.000,  Mem Test Acc: 1.000, Test F1: 1.000, Mem Test F1: 1.000
Task: 000, Epoch: 9000, Test Acc: 1.000,  Mem Test Acc: 1.000, Test F1: 1.000, Mem Test F1: 1.000
Task: 000, Epoch: 10000, Test Acc: 1.000,  Mem Test Acc: 1.000, Test F1: 1.000, Mem Test F1: 1.000
Task: 000, Epoch: 11000, Test Acc: 1.000,  Mem Test Acc: 1.000, Test F1: 1.000, Mem Test F1: 1.000
Task: 000, Epoch: 12000, Test Acc: 1.000,  Mem Test Acc: 1.000, Test F1: 1.000, Mem Test F1: 1.000
Task: 000, Epoch: 13000, Test Acc: 1.000,  Mem Test Acc: 1.000, Test F1: 1.000, Mem Test F1: 1.000
Task: 000, Epoch: 14000, Test Acc: 1.000,  Mem Test Acc: 1.000, Test F1: 1.000, Mem Test F1: 1.000
Task: 001, Epoch: 1000, Test Acc: 1.000,  Mem Test Acc: 0.763, Test F1: 1.000, Mem Test F1: 0.763
Task: 001, Epoch: 2000, Test Acc: 0.960,  Mem Test Acc: 0.868, Test F1: 0.960, Mem Test F1: 0.868
Task: 001, Epoch: 3000, Test Acc: 0.960,  Mem Test Acc: 0.895, Test F1: 0.960, Mem Test F1: 0.895
Task: 001, Epoch: 4000, Test Acc: 0.960,  Mem Test Acc: 0.895, Test F1: 0.960, Mem Test F1: 0.895
Task: 001, Epoch: 5000, Test Acc: 0.960,  Mem Test Acc: 0.947, Test F1: 0.960, Mem Test F1: 0.947
Task: 001, Epoch: 6000, Test Acc: 0.960,  Mem Test Acc: 0.947, Test F1: 0.960, Mem Test F1: 0.947
Task: 001, Epoch: 7000, Test Acc: 0.960,  Mem Test Acc: 0.947, Test F1: 0.960, Mem Test F1: 0.947
Task: 001, Epoch: 8000, Test Acc: 0.960,  Mem Test Acc: 0.947, Test F1: 0.960, Mem Test F1: 0.947
Task: 001, Epoch: 9000, Test Acc: 0.960,  Mem Test Acc: 0.921, Test F1: 0.960, Mem Test F1: 0.921
Task: 001, Epoch: 10000, Test Acc: 0.960,  Mem Test Acc: 0.921, Test F1: 0.960, Mem Test F1: 0.921
Task: 001, Epoch: 11000, Test Acc: 0.960,  Mem Test Acc: 0.974, Test F1: 0.960, Mem Test F1: 0.974
Task: 001, Epoch: 12000, Test Acc: 0.960,  Mem Test Acc: 0.974, Test F1: 0.960, Mem Test F1: 0.974
Task: 001, Epoch: 13000, Test Acc: 0.960,  Mem Test Acc: 0.974, Test F1: 0.960, Mem Test F1: 0.974
Task: 001, Epoch: 14000, Test Acc: 0.960,  Mem Test Acc: 0.974, Test F1: 0.960, Mem Test F1: 0.974
[0.02631578947368418, 0.02631578947368418, 0.02631578947368418, 0.02631578947368418, 0.02631578947368418, 0.02631578947368418, 0.02631578947368418, 0.02631578947368418, 0.02631578947368418, 0.02631578947368418, 0.02631578947368418, 0.02631578947368418, 0.02631578947368418, 0.02631578947368418, 0.21052631578947367, 0.10526315789473684, 0.07894736842105265, 0.07894736842105265, 0.026315789473684292, 0.026315789473684292, 0.026315789473684292, 0.026315789473684292, 0.052631578947368474, 0.052631578947368474, 0.0, 0.0, 0.0, 0.0]
0.21052631578947367
##########################################
PM: 0.960, FM: 0.211, AP: 0.974, AF: 0.000
##########################################
(28,) (28,) (28,) (28,)
Task: 000, Epoch: 1000, Test Acc: 1.000,  Mem Test Acc: 1.000, Test F1: 1.000, Mem Test F1: 1.000
Task: 000, Epoch: 2000, Test Acc: 1.000,  Mem Test Acc: 1.000, Test F1: 1.000, Mem Test F1: 1.000
Task: 000, Epoch: 3000, Test Acc: 1.000,  Mem Test Acc: 1.000, Test F1: 1.000, Mem Test F1: 1.000
Task: 000, Epoch: 4000, Test Acc: 1.000,  Mem Test Acc: 1.000, Test F1: 1.000, Mem Test F1: 1.000
Task: 000, Epoch: 5000, Test Acc: 1.000,  Mem Test Acc: 1.000, Test F1: 1.000, Mem Test F1: 1.000
Task: 000, Epoch: 6000, Test Acc: 1.000,  Mem Test Acc: 1.000, Test F1: 1.000, Mem Test F1: 1.000
Task: 000, Epoch: 7000, Test Acc: 1.000,  Mem Test Acc: 1.000, Test F1: 1.000, Mem Test F1: 1.000
Task: 000, Epoch: 8000, Test Acc: 1.000,  Mem Test Acc: 1.000, Test F1: 1.000, Mem Test F1: 1.000
Task: 000, Epoch: 9000, Test Acc: 1.000,  Mem Test Acc: 1.000, Test F1: 1.000, Mem Test F1: 1.000
Task: 000, Epoch: 10000, Test Acc: 1.000,  Mem Test Acc: 1.000, Test F1: 1.000, Mem Test F1: 1.000
Task: 000, Epoch: 11000, Test Acc: 1.000,  Mem Test Acc: 1.000, Test F1: 1.000, Mem Test F1: 1.000
Task: 000, Epoch: 12000, Test Acc: 1.000,  Mem Test Acc: 1.000, Test F1: 1.000, Mem Test F1: 1.000
Task: 000, Epoch: 13000, Test Acc: 1.000,  Mem Test Acc: 1.000, Test F1: 1.000, Mem Test F1: 1.000
Task: 000, Epoch: 14000, Test Acc: 1.000,  Mem Test Acc: 1.000, Test F1: 1.000, Mem Test F1: 1.000
Task: 001, Epoch: 1000, Test Acc: 0.880,  Mem Test Acc: 0.763, Test F1: 0.880, Mem Test F1: 0.763
Task: 001, Epoch: 2000, Test Acc: 0.920,  Mem Test Acc: 0.895, Test F1: 0.920, Mem Test F1: 0.895
Task: 001, Epoch: 3000, Test Acc: 0.920,  Mem Test Acc: 0.763, Test F1: 0.920, Mem Test F1: 0.763
Task: 001, Epoch: 4000, Test Acc: 0.800,  Mem Test Acc: 0.816, Test F1: 0.800, Mem Test F1: 0.816
Task: 001, Epoch: 5000, Test Acc: 0.800,  Mem Test Acc: 0.816, Test F1: 0.800, Mem Test F1: 0.816
Task: 001, Epoch: 6000, Test Acc: 0.760,  Mem Test Acc: 0.789, Test F1: 0.760, Mem Test F1: 0.789
Task: 001, Epoch: 7000, Test Acc: 0.760,  Mem Test Acc: 0.763, Test F1: 0.760, Mem Test F1: 0.763
Task: 001, Epoch: 8000, Test Acc: 0.760,  Mem Test Acc: 0.763, Test F1: 0.760, Mem Test F1: 0.763
Task: 001, Epoch: 9000, Test Acc: 0.760,  Mem Test Acc: 0.763, Test F1: 0.760, Mem Test F1: 0.763
Task: 001, Epoch: 10000, Test Acc: 0.760,  Mem Test Acc: 0.789, Test F1: 0.760, Mem Test F1: 0.789
Task: 001, Epoch: 11000, Test Acc: 0.760,  Mem Test Acc: 0.763, Test F1: 0.760, Mem Test F1: 0.763
Task: 001, Epoch: 12000, Test Acc: 0.760,  Mem Test Acc: 0.763, Test F1: 0.760, Mem Test F1: 0.763
Task: 001, Epoch: 13000, Test Acc: 0.760,  Mem Test Acc: 0.763, Test F1: 0.760, Mem Test F1: 0.763
Task: 001, Epoch: 14000, Test Acc: 0.760,  Mem Test Acc: 0.763, Test F1: 0.760, Mem Test F1: 0.763
[0.23684210526315785, 0.23684210526315785, 0.23684210526315785, 0.23684210526315785, 0.23684210526315785, 0.23684210526315785, 0.23684210526315785, 0.23684210526315785, 0.23684210526315785, 0.23684210526315785, 0.23684210526315785, 0.23684210526315785, 0.23684210526315785, 0.23684210526315785, 0.0, 0.13157894736842102, 0.0, 0.05263157894736825, 0.05263157894736825, 0.02631578947368418, 0.0, 0.0, 0.0, 0.02631578947368418, 0.0, 0.0, 0.0, 0.0]
0.23684210526315785
##########################################
PM: 0.760, FM: 0.237, AP: 0.763, AF: 0.000
##########################################
(28,) (28,) (28,) (28,)
Task: 000, Epoch: 1000, Test Acc: 1.000,  Mem Test Acc: 1.000, Test F1: 1.000, Mem Test F1: 1.000
Task: 000, Epoch: 2000, Test Acc: 1.000,  Mem Test Acc: 1.000, Test F1: 1.000, Mem Test F1: 1.000
Task: 000, Epoch: 3000, Test Acc: 1.000,  Mem Test Acc: 1.000, Test F1: 1.000, Mem Test F1: 1.000
Task: 000, Epoch: 4000, Test Acc: 1.000,  Mem Test Acc: 1.000, Test F1: 1.000, Mem Test F1: 1.000
Task: 000, Epoch: 5000, Test Acc: 1.000,  Mem Test Acc: 1.000, Test F1: 1.000, Mem Test F1: 1.000
Task: 000, Epoch: 6000, Test Acc: 1.000,  Mem Test Acc: 1.000, Test F1: 1.000, Mem Test F1: 1.000
Task: 000, Epoch: 7000, Test Acc: 1.000,  Mem Test Acc: 1.000, Test F1: 1.000, Mem Test F1: 1.000
Task: 000, Epoch: 8000, Test Acc: 1.000,  Mem Test Acc: 1.000, Test F1: 1.000, Mem Test F1: 1.000
Task: 000, Epoch: 9000, Test Acc: 1.000,  Mem Test Acc: 1.000, Test F1: 1.000, Mem Test F1: 1.000
Task: 000, Epoch: 10000, Test Acc: 1.000,  Mem Test Acc: 1.000, Test F1: 1.000, Mem Test F1: 1.000
Task: 000, Epoch: 11000, Test Acc: 1.000,  Mem Test Acc: 1.000, Test F1: 1.000, Mem Test F1: 1.000
Task: 000, Epoch: 12000, Test Acc: 1.000,  Mem Test Acc: 1.000, Test F1: 1.000, Mem Test F1: 1.000
Task: 000, Epoch: 13000, Test Acc: 1.000,  Mem Test Acc: 1.000, Test F1: 1.000, Mem Test F1: 1.000
Task: 000, Epoch: 14000, Test Acc: 1.000,  Mem Test Acc: 1.000, Test F1: 1.000, Mem Test F1: 1.000
Task: 001, Epoch: 1000, Test Acc: 0.960,  Mem Test Acc: 0.684, Test F1: 0.960, Mem Test F1: 0.684
Task: 001, Epoch: 2000, Test Acc: 0.880,  Mem Test Acc: 0.763, Test F1: 0.880, Mem Test F1: 0.763
Task: 001, Epoch: 3000, Test Acc: 0.920,  Mem Test Acc: 0.789, Test F1: 0.920, Mem Test F1: 0.789
Task: 001, Epoch: 4000, Test Acc: 0.920,  Mem Test Acc: 0.789, Test F1: 0.920, Mem Test F1: 0.789
Task: 001, Epoch: 5000, Test Acc: 0.920,  Mem Test Acc: 0.842, Test F1: 0.920, Mem Test F1: 0.842
Task: 001, Epoch: 6000, Test Acc: 0.920,  Mem Test Acc: 0.789, Test F1: 0.920, Mem Test F1: 0.789
Task: 001, Epoch: 7000, Test Acc: 0.920,  Mem Test Acc: 0.789, Test F1: 0.920, Mem Test F1: 0.789
Task: 001, Epoch: 8000, Test Acc: 0.920,  Mem Test Acc: 0.868, Test F1: 0.920, Mem Test F1: 0.868
Task: 001, Epoch: 9000, Test Acc: 0.920,  Mem Test Acc: 0.842, Test F1: 0.920, Mem Test F1: 0.842
Task: 001, Epoch: 10000, Test Acc: 0.920,  Mem Test Acc: 0.842, Test F1: 0.920, Mem Test F1: 0.842
Task: 001, Epoch: 11000, Test Acc: 0.880,  Mem Test Acc: 0.842, Test F1: 0.880, Mem Test F1: 0.842
Task: 001, Epoch: 12000, Test Acc: 0.920,  Mem Test Acc: 0.868, Test F1: 0.920, Mem Test F1: 0.868
Task: 001, Epoch: 13000, Test Acc: 0.920,  Mem Test Acc: 0.868, Test F1: 0.920, Mem Test F1: 0.868
Task: 001, Epoch: 14000, Test Acc: 0.920,  Mem Test Acc: 0.842, Test F1: 0.920, Mem Test F1: 0.842
[0.1578947368421053, 0.1578947368421053, 0.1578947368421053, 0.1578947368421053, 0.1578947368421053, 0.1578947368421053, 0.1578947368421053, 0.1578947368421053, 0.1578947368421053, 0.1578947368421053, 0.1578947368421053, 0.1578947368421053, 0.1578947368421053, 0.1578947368421053, 0.1578947368421052, 0.07894736842105254, 0.05263157894736836, 0.05263157894736836, 0.0, 0.05263157894736836, 0.05263157894736836, 0.026315789473684292, 0.0, 0.0, 0.0, 0.026315789473684292, 0.026315789473684292, 0.0]
0.1578947368421053
##########################################
PM: 0.920, FM: 0.158, AP: 0.842, AF: 0.000
##########################################
(28,) (28,) (28,) (28,)
