Dataset: PROTEINS(1113):
====================
Number of graphs: 1113
Number of features: 3
Number of classes: 2
Task: 000, Epoch: 10000, Test Acc: 1.000,  Mem Test Acc: 1.000, Test F1: 1.000, Mem Test F1: 1.000
Task: 000, Epoch: 20000, Test Acc: 1.000,  Mem Test Acc: 1.000, Test F1: 1.000, Mem Test F1: 1.000
Task: 000, Epoch: 30000, Test Acc: 1.000,  Mem Test Acc: 1.000, Test F1: 1.000, Mem Test F1: 1.000
Task: 000, Epoch: 40000, Test Acc: 1.000,  Mem Test Acc: 1.000, Test F1: 1.000, Mem Test F1: 1.000
Task: 000, Epoch: 50000, Test Acc: 1.000,  Mem Test Acc: 1.000, Test F1: 1.000, Mem Test F1: 1.000
Task: 000, Epoch: 60000, Test Acc: 1.000,  Mem Test Acc: 1.000, Test F1: 1.000, Mem Test F1: 1.000
Task: 000, Epoch: 70000, Test Acc: 1.000,  Mem Test Acc: 1.000, Test F1: 1.000, Mem Test F1: 1.000
Task: 000, Epoch: 80000, Test Acc: 1.000,  Mem Test Acc: 1.000, Test F1: 1.000, Mem Test F1: 1.000
Task: 000, Epoch: 90000, Test Acc: 1.000,  Mem Test Acc: 1.000, Test F1: 1.000, Mem Test F1: 1.000
Task: 000, Epoch: 100000, Test Acc: 1.000,  Mem Test Acc: 1.000, Test F1: 1.000, Mem Test F1: 1.000
Task: 000, Epoch: 110000, Test Acc: 1.000,  Mem Test Acc: 1.000, Test F1: 1.000, Mem Test F1: 1.000
Task: 000, Epoch: 120000, Test Acc: 1.000,  Mem Test Acc: 1.000, Test F1: 1.000, Mem Test F1: 1.000
Task: 000, Epoch: 130000, Test Acc: 1.000,  Mem Test Acc: 1.000, Test F1: 1.000, Mem Test F1: 1.000
Task: 000, Epoch: 140000, Test Acc: 1.000,  Mem Test Acc: 1.000, Test F1: 1.000, Mem Test F1: 1.000
Task: 001, Epoch: 10000, Test Acc: 0.822,  Mem Test Acc: 0.547, Test F1: 0.829, Mem Test F1: 0.526
Task: 001, Epoch: 20000, Test Acc: 0.856,  Mem Test Acc: 0.592, Test F1: 0.841, Mem Test F1: 0.582
Task: 001, Epoch: 30000, Test Acc: 0.789,  Mem Test Acc: 0.592, Test F1: 0.794, Mem Test F1: 0.586
Task: 001, Epoch: 40000, Test Acc: 0.778,  Mem Test Acc: 0.578, Test F1: 0.764, Mem Test F1: 0.562
Task: 001, Epoch: 50000, Test Acc: 0.711,  Mem Test Acc: 0.646, Test F1: 0.717, Mem Test F1: 0.650
Task: 001, Epoch: 60000, Test Acc: 0.722,  Mem Test Acc: 0.592, Test F1: 0.713, Mem Test F1: 0.586
Task: 001, Epoch: 70000, Test Acc: 0.656,  Mem Test Acc: 0.587, Test F1: 0.644, Mem Test F1: 0.582
Task: 001, Epoch: 80000, Test Acc: 0.633,  Mem Test Acc: 0.628, Test F1: 0.628, Mem Test F1: 0.622
Task: 001, Epoch: 90000, Test Acc: 0.656,  Mem Test Acc: 0.628, Test F1: 0.644, Mem Test F1: 0.618
Task: 001, Epoch: 100000, Test Acc: 0.700,  Mem Test Acc: 0.610, Test F1: 0.698, Mem Test F1: 0.606
Task: 001, Epoch: 110000, Test Acc: 0.644,  Mem Test Acc: 0.610, Test F1: 0.636, Mem Test F1: 0.623
Task: 001, Epoch: 120000, Test Acc: 0.556,  Mem Test Acc: 0.637, Test F1: 0.562, Mem Test F1: 0.630
Task: 001, Epoch: 130000, Test Acc: 0.600,  Mem Test Acc: 0.592, Test F1: 0.616, Mem Test F1: 0.574
Task: 001, Epoch: 140000, Test Acc: 0.600,  Mem Test Acc: 0.605, Test F1: 0.605, Mem Test F1: 0.606
[0.3936491935483871, 0.3936491935483871, 0.3936491935483871, 0.3936491935483871, 0.3936491935483871, 0.3936491935483871, 0.3936491935483871, 0.3936491935483871, 0.3936491935483871, 0.3936491935483871, 0.3936491935483871, 0.3936491935483871, 0.3936491935483871, 0.3936491935483871, 0.07988911290322576, 0.024193548387096753, 0.020035282258064502, 0.044228830645161255, 0.0434727822580645, 0.020035282258064502, 0.023941532258064502, 0.015372983870967749, 0.011214717741935498, 0.0002520161290322509, 0.016381048387096864, 0.02318548387096775, 0.032510080645161255, 0.0]
0.3936491935483871
##########################################
PM: 0.605, FM: 0.394, AP: 0.605, AF: 0.000
##########################################
(28,) (28,) (28,) (28,)
Task: 000, Epoch: 10000, Test Acc: 1.000,  Mem Test Acc: 1.000, Test F1: 1.000, Mem Test F1: 1.000
Task: 000, Epoch: 20000, Test Acc: 1.000,  Mem Test Acc: 1.000, Test F1: 1.000, Mem Test F1: 1.000
Task: 000, Epoch: 30000, Test Acc: 1.000,  Mem Test Acc: 1.000, Test F1: 1.000, Mem Test F1: 1.000
Task: 000, Epoch: 40000, Test Acc: 1.000,  Mem Test Acc: 1.000, Test F1: 1.000, Mem Test F1: 1.000
Task: 000, Epoch: 50000, Test Acc: 1.000,  Mem Test Acc: 1.000, Test F1: 1.000, Mem Test F1: 1.000
Task: 000, Epoch: 60000, Test Acc: 1.000,  Mem Test Acc: 1.000, Test F1: 1.000, Mem Test F1: 1.000
Task: 000, Epoch: 70000, Test Acc: 1.000,  Mem Test Acc: 1.000, Test F1: 1.000, Mem Test F1: 1.000
Task: 000, Epoch: 80000, Test Acc: 1.000,  Mem Test Acc: 1.000, Test F1: 1.000, Mem Test F1: 1.000
Task: 000, Epoch: 90000, Test Acc: 1.000,  Mem Test Acc: 1.000, Test F1: 1.000, Mem Test F1: 1.000
Task: 000, Epoch: 100000, Test Acc: 1.000,  Mem Test Acc: 1.000, Test F1: 1.000, Mem Test F1: 1.000
Task: 000, Epoch: 110000, Test Acc: 1.000,  Mem Test Acc: 1.000, Test F1: 1.000, Mem Test F1: 1.000
Task: 000, Epoch: 120000, Test Acc: 1.000,  Mem Test Acc: 1.000, Test F1: 1.000, Mem Test F1: 1.000
Task: 000, Epoch: 130000, Test Acc: 1.000,  Mem Test Acc: 1.000, Test F1: 1.000, Mem Test F1: 1.000
Task: 000, Epoch: 140000, Test Acc: 1.000,  Mem Test Acc: 1.000, Test F1: 1.000, Mem Test F1: 1.000
Task: 001, Epoch: 10000, Test Acc: 0.933,  Mem Test Acc: 0.596, Test F1: 0.953, Mem Test F1: 0.619
Task: 001, Epoch: 20000, Test Acc: 0.878,  Mem Test Acc: 0.632, Test F1: 0.868, Mem Test F1: 0.646
Task: 001, Epoch: 30000, Test Acc: 0.811,  Mem Test Acc: 0.655, Test F1: 0.822, Mem Test F1: 0.662
Task: 001, Epoch: 40000, Test Acc: 0.811,  Mem Test Acc: 0.623, Test F1: 0.787, Mem Test F1: 0.655
Task: 001, Epoch: 50000, Test Acc: 0.789,  Mem Test Acc: 0.686, Test F1: 0.772, Mem Test F1: 0.677
Task: 001, Epoch: 60000, Test Acc: 0.700,  Mem Test Acc: 0.700, Test F1: 0.743, Mem Test F1: 0.697
Task: 001, Epoch: 70000, Test Acc: 0.733,  Mem Test Acc: 0.668, Test F1: 0.721, Mem Test F1: 0.682
Task: 001, Epoch: 80000, Test Acc: 0.744,  Mem Test Acc: 0.655, Test F1: 0.740, Mem Test F1: 0.658
Task: 001, Epoch: 90000, Test Acc: 0.733,  Mem Test Acc: 0.646, Test F1: 0.744, Mem Test F1: 0.642
Task: 001, Epoch: 100000, Test Acc: 0.700,  Mem Test Acc: 0.673, Test F1: 0.698, Mem Test F1: 0.677
Task: 001, Epoch: 110000, Test Acc: 0.722,  Mem Test Acc: 0.655, Test F1: 0.725, Mem Test F1: 0.666
Task: 001, Epoch: 120000, Test Acc: 0.744,  Mem Test Acc: 0.646, Test F1: 0.672, Mem Test F1: 0.654
Task: 001, Epoch: 130000, Test Acc: 0.667,  Mem Test Acc: 0.659, Test F1: 0.663, Mem Test F1: 0.653
Task: 001, Epoch: 140000, Test Acc: 0.678,  Mem Test Acc: 0.655, Test F1: 0.659, Mem Test F1: 0.649
[0.3506804435483871, 0.3506804435483871, 0.3506804435483871, 0.3506804435483871, 0.3506804435483871, 0.3506804435483871, 0.3506804435483871, 0.3506804435483871, 0.3506804435483871, 0.3506804435483871, 0.3506804435483871, 0.3506804435483871, 0.3506804435483871, 0.3506804435483871, 0.029989919354838634, 0.0028981854838708854, 0.012474798387096864, 0.005922379032258118, 0.02734375, 0.0473790322580645, 0.032510080645161366, 0.008316532258064502, 0.0078125, 0.028099798387096864, 0.016633064516129115, 0.004662298387096864, 0.00390625, 0.0]
0.3506804435483871
##########################################
PM: 0.659, FM: 0.351, AP: 0.655, AF: 0.000
##########################################
(28,) (28,) (28,) (28,)
Task: 000, Epoch: 10000, Test Acc: 1.000,  Mem Test Acc: 1.000, Test F1: 1.000, Mem Test F1: 1.000
Task: 000, Epoch: 20000, Test Acc: 1.000,  Mem Test Acc: 1.000, Test F1: 1.000, Mem Test F1: 1.000
Task: 000, Epoch: 30000, Test Acc: 1.000,  Mem Test Acc: 1.000, Test F1: 1.000, Mem Test F1: 1.000
Task: 000, Epoch: 40000, Test Acc: 1.000,  Mem Test Acc: 1.000, Test F1: 1.000, Mem Test F1: 1.000
Task: 000, Epoch: 50000, Test Acc: 1.000,  Mem Test Acc: 1.000, Test F1: 1.000, Mem Test F1: 1.000
Task: 000, Epoch: 60000, Test Acc: 1.000,  Mem Test Acc: 1.000, Test F1: 1.000, Mem Test F1: 1.000
Task: 000, Epoch: 70000, Test Acc: 1.000,  Mem Test Acc: 1.000, Test F1: 1.000, Mem Test F1: 1.000
Task: 000, Epoch: 80000, Test Acc: 1.000,  Mem Test Acc: 1.000, Test F1: 1.000, Mem Test F1: 1.000
Task: 000, Epoch: 90000, Test Acc: 1.000,  Mem Test Acc: 1.000, Test F1: 1.000, Mem Test F1: 1.000
Task: 000, Epoch: 100000, Test Acc: 1.000,  Mem Test Acc: 1.000, Test F1: 1.000, Mem Test F1: 1.000
Task: 000, Epoch: 110000, Test Acc: 1.000,  Mem Test Acc: 1.000, Test F1: 1.000, Mem Test F1: 1.000
Task: 000, Epoch: 120000, Test Acc: 1.000,  Mem Test Acc: 1.000, Test F1: 1.000, Mem Test F1: 1.000
Task: 000, Epoch: 130000, Test Acc: 1.000,  Mem Test Acc: 1.000, Test F1: 1.000, Mem Test F1: 1.000
Task: 000, Epoch: 140000, Test Acc: 1.000,  Mem Test Acc: 1.000, Test F1: 1.000, Mem Test F1: 1.000
Task: 001, Epoch: 10000, Test Acc: 0.867,  Mem Test Acc: 0.574, Test F1: 0.883, Mem Test F1: 0.558
Task: 001, Epoch: 20000, Test Acc: 0.811,  Mem Test Acc: 0.623, Test F1: 0.822, Mem Test F1: 0.622
Task: 001, Epoch: 30000, Test Acc: 0.878,  Mem Test Acc: 0.605, Test F1: 0.868, Mem Test F1: 0.615
Task: 001, Epoch: 40000, Test Acc: 0.822,  Mem Test Acc: 0.614, Test F1: 0.818, Mem Test F1: 0.635
Task: 001, Epoch: 50000, Test Acc: 0.811,  Mem Test Acc: 0.637, Test F1: 0.833, Mem Test F1: 0.634
Task: 001, Epoch: 60000, Test Acc: 0.767,  Mem Test Acc: 0.637, Test F1: 0.733, Mem Test F1: 0.630
Task: 001, Epoch: 70000, Test Acc: 0.822,  Mem Test Acc: 0.668, Test F1: 0.795, Mem Test F1: 0.674
Task: 001, Epoch: 80000, Test Acc: 0.733,  Mem Test Acc: 0.659, Test F1: 0.698, Mem Test F1: 0.662
Task: 001, Epoch: 90000, Test Acc: 0.756,  Mem Test Acc: 0.646, Test F1: 0.794, Mem Test F1: 0.637
Task: 001, Epoch: 100000, Test Acc: 0.767,  Mem Test Acc: 0.650, Test F1: 0.745, Mem Test F1: 0.645
Task: 001, Epoch: 110000, Test Acc: 0.689,  Mem Test Acc: 0.691, Test F1: 0.678, Mem Test F1: 0.689
Task: 001, Epoch: 120000, Test Acc: 0.667,  Mem Test Acc: 0.700, Test F1: 0.697, Mem Test F1: 0.709
Task: 001, Epoch: 130000, Test Acc: 0.733,  Mem Test Acc: 0.655, Test F1: 0.744, Mem Test F1: 0.662
Task: 001, Epoch: 140000, Test Acc: 0.722,  Mem Test Acc: 0.655, Test F1: 0.725, Mem Test F1: 0.662
[0.33820564516129026, 0.33820564516129026, 0.33820564516129026, 0.33820564516129026, 0.33820564516129026, 0.33820564516129026, 0.33820564516129026, 0.33820564516129026, 0.33820564516129026, 0.33820564516129026, 0.33820564516129026, 0.33820564516129026, 0.33820564516129026, 0.33820564516129026, 0.10357862903225812, 0.039818548387096864, 0.04712701612903236, 0.026839717741935498, 0.028099798387096864, 0.032258064516129115, 0.01171875, 0.0002520161290323619, 0.024445564516129115, 0.016381048387096864, 0.027091733870967638, 0.0473790322580645, 0.0, 0.0]
0.33820564516129026
##########################################
PM: 0.725, FM: 0.338, AP: 0.655, AF: 0.000
##########################################
(28,) (28,) (28,) (28,)
Task: 000, Epoch: 10000, Test Acc: 1.000,  Mem Test Acc: 1.000, Test F1: 1.000, Mem Test F1: 1.000
Task: 000, Epoch: 20000, Test Acc: 1.000,  Mem Test Acc: 1.000, Test F1: 1.000, Mem Test F1: 1.000
Task: 000, Epoch: 30000, Test Acc: 1.000,  Mem Test Acc: 1.000, Test F1: 1.000, Mem Test F1: 1.000
Task: 000, Epoch: 40000, Test Acc: 1.000,  Mem Test Acc: 1.000, Test F1: 1.000, Mem Test F1: 1.000
Task: 000, Epoch: 50000, Test Acc: 1.000,  Mem Test Acc: 1.000, Test F1: 1.000, Mem Test F1: 1.000
Task: 000, Epoch: 60000, Test Acc: 1.000,  Mem Test Acc: 1.000, Test F1: 1.000, Mem Test F1: 1.000
Task: 000, Epoch: 70000, Test Acc: 1.000,  Mem Test Acc: 1.000, Test F1: 1.000, Mem Test F1: 1.000
Task: 000, Epoch: 80000, Test Acc: 1.000,  Mem Test Acc: 1.000, Test F1: 1.000, Mem Test F1: 1.000
Task: 000, Epoch: 90000, Test Acc: 1.000,  Mem Test Acc: 1.000, Test F1: 1.000, Mem Test F1: 1.000
Task: 000, Epoch: 100000, Test Acc: 1.000,  Mem Test Acc: 1.000, Test F1: 1.000, Mem Test F1: 1.000
Task: 000, Epoch: 110000, Test Acc: 1.000,  Mem Test Acc: 1.000, Test F1: 1.000, Mem Test F1: 1.000
Task: 000, Epoch: 120000, Test Acc: 1.000,  Mem Test Acc: 1.000, Test F1: 1.000, Mem Test F1: 1.000
Task: 000, Epoch: 130000, Test Acc: 1.000,  Mem Test Acc: 1.000, Test F1: 1.000, Mem Test F1: 1.000
Task: 000, Epoch: 140000, Test Acc: 1.000,  Mem Test Acc: 1.000, Test F1: 1.000, Mem Test F1: 1.000
Task: 001, Epoch: 10000, Test Acc: 0.900,  Mem Test Acc: 0.574, Test F1: 0.884, Mem Test F1: 0.571
Task: 001, Epoch: 20000, Test Acc: 0.833,  Mem Test Acc: 0.614, Test F1: 0.837, Mem Test F1: 0.598
Task: 001, Epoch: 30000, Test Acc: 0.778,  Mem Test Acc: 0.619, Test F1: 0.775, Mem Test F1: 0.614
Task: 001, Epoch: 40000, Test Acc: 0.767,  Mem Test Acc: 0.601, Test F1: 0.756, Mem Test F1: 0.586
Task: 001, Epoch: 50000, Test Acc: 0.667,  Mem Test Acc: 0.641, Test F1: 0.674, Mem Test F1: 0.617
Task: 001, Epoch: 60000, Test Acc: 0.733,  Mem Test Acc: 0.637, Test F1: 0.721, Mem Test F1: 0.634
Task: 001, Epoch: 70000, Test Acc: 0.733,  Mem Test Acc: 0.650, Test F1: 0.721, Mem Test F1: 0.654
Task: 001, Epoch: 80000, Test Acc: 0.700,  Mem Test Acc: 0.659, Test F1: 0.698, Mem Test F1: 0.666
Task: 001, Epoch: 90000, Test Acc: 0.689,  Mem Test Acc: 0.659, Test F1: 0.701, Mem Test F1: 0.649
Task: 001, Epoch: 100000, Test Acc: 0.722,  Mem Test Acc: 0.623, Test F1: 0.736, Mem Test F1: 0.605
Task: 001, Epoch: 110000, Test Acc: 0.744,  Mem Test Acc: 0.605, Test F1: 0.718, Mem Test F1: 0.606
Task: 001, Epoch: 120000, Test Acc: 0.711,  Mem Test Acc: 0.673, Test F1: 0.740, Mem Test F1: 0.673
Task: 001, Epoch: 130000, Test Acc: 0.644,  Mem Test Acc: 0.641, Test F1: 0.670, Mem Test F1: 0.646
Task: 001, Epoch: 140000, Test Acc: 0.656,  Mem Test Acc: 0.655, Test F1: 0.678, Mem Test F1: 0.653
[0.34652217741935487, 0.34652217741935487, 0.34652217741935487, 0.34652217741935487, 0.34652217741935487, 0.34652217741935487, 0.34652217741935487, 0.34652217741935487, 0.34652217741935487, 0.34652217741935487, 0.34652217741935487, 0.34652217741935487, 0.34652217741935487, 0.34652217741935487, 0.08278729838709675, 0.055947580645161255, 0.0395665322580645, 0.06766633064516125, 0.036668346774193505, 0.01978326612903225, 0.0002520161290322509, 0.012222782258064613, 0.004410282258064502, 0.048135080645161255, 0.04712701612903225, 0.01978326612903225, 0.007560483870967749, 0.0]
0.34652217741935487
##########################################
PM: 0.678, FM: 0.347, AP: 0.655, AF: 0.000
##########################################
(28,) (28,) (28,) (28,)
Task: 000, Epoch: 10000, Test Acc: 1.000,  Mem Test Acc: 1.000, Test F1: 1.000, Mem Test F1: 1.000
Task: 000, Epoch: 20000, Test Acc: 1.000,  Mem Test Acc: 1.000, Test F1: 1.000, Mem Test F1: 1.000
Task: 000, Epoch: 30000, Test Acc: 1.000,  Mem Test Acc: 1.000, Test F1: 1.000, Mem Test F1: 1.000
Task: 000, Epoch: 40000, Test Acc: 1.000,  Mem Test Acc: 1.000, Test F1: 1.000, Mem Test F1: 1.000
Task: 000, Epoch: 50000, Test Acc: 1.000,  Mem Test Acc: 1.000, Test F1: 1.000, Mem Test F1: 1.000
Task: 000, Epoch: 60000, Test Acc: 1.000,  Mem Test Acc: 1.000, Test F1: 1.000, Mem Test F1: 1.000
Task: 000, Epoch: 70000, Test Acc: 1.000,  Mem Test Acc: 1.000, Test F1: 1.000, Mem Test F1: 1.000
Task: 000, Epoch: 80000, Test Acc: 1.000,  Mem Test Acc: 1.000, Test F1: 1.000, Mem Test F1: 1.000
Task: 000, Epoch: 90000, Test Acc: 1.000,  Mem Test Acc: 1.000, Test F1: 1.000, Mem Test F1: 1.000
Task: 000, Epoch: 100000, Test Acc: 1.000,  Mem Test Acc: 1.000, Test F1: 1.000, Mem Test F1: 1.000
Task: 000, Epoch: 110000, Test Acc: 1.000,  Mem Test Acc: 1.000, Test F1: 1.000, Mem Test F1: 1.000
Task: 000, Epoch: 120000, Test Acc: 1.000,  Mem Test Acc: 1.000, Test F1: 1.000, Mem Test F1: 1.000
Task: 000, Epoch: 130000, Test Acc: 1.000,  Mem Test Acc: 1.000, Test F1: 1.000, Mem Test F1: 1.000
Task: 000, Epoch: 140000, Test Acc: 1.000,  Mem Test Acc: 1.000, Test F1: 1.000, Mem Test F1: 1.000
Task: 001, Epoch: 10000, Test Acc: 0.856,  Mem Test Acc: 0.628, Test F1: 0.887, Mem Test F1: 0.634
Task: 001, Epoch: 20000, Test Acc: 0.811,  Mem Test Acc: 0.650, Test F1: 0.764, Mem Test F1: 0.654
Task: 001, Epoch: 30000, Test Acc: 0.767,  Mem Test Acc: 0.619, Test F1: 0.745, Mem Test F1: 0.606
Task: 001, Epoch: 40000, Test Acc: 0.756,  Mem Test Acc: 0.682, Test F1: 0.737, Mem Test F1: 0.694
Task: 001, Epoch: 50000, Test Acc: 0.744,  Mem Test Acc: 0.664, Test F1: 0.763, Mem Test F1: 0.670
Task: 001, Epoch: 60000, Test Acc: 0.700,  Mem Test Acc: 0.682, Test F1: 0.732, Mem Test F1: 0.685
Task: 001, Epoch: 70000, Test Acc: 0.667,  Mem Test Acc: 0.659, Test F1: 0.663, Mem Test F1: 0.645
